[ 2017-02-08T13:50:57+08:00 ] 127.0.0.1 /index.php
INFO: [ app_init ] --START--
INFO: Run Behavior\BuildLiteBehavior [ RunTime:0.000037s ]
INFO: [ app_init ] --END-- [ RunTime:0.063556s ]
INFO: [ app_begin ] --START--
INFO: Run Behavior\ReadHtmlCacheBehavior [ RunTime:0.012827s ]
INFO: [ app_begin ] --END-- [ RunTime:0.012988s ]
SQL: SHOW COLUMNS FROM `sw_setting` [ RunTime:0.5289s ]
SQL: SELECT * FROM `sw_setting` LIMIT 1   [ RunTime:0.1970s ]
SQL: SHOW COLUMNS FROM `sw_column` [ RunTime:0.0824s ]
SQL: SELECT * FROM `sw_column` WHERE ( col_level = 0 ) ORDER BY col_order_by  [ RunTime:0.0313s ]
SQL: SHOW COLUMNS FROM `sw_class` [ RunTime:0.0439s ]
SQL: SELECT `c_id`,`c_name`,`c_desc`,`c_pic` FROM `sw_class` WHERE ( c_level = 1 ) ORDER BY c_order_by,c_date desc LIMIT 6   [ RunTime:0.0245s ]
SQL: SHOW COLUMNS FROM `sw_advert` [ RunTime:0.0637s ]
SQL: SELECT * FROM `sw_advert` ORDER BY adv_date desc LIMIT 3   [ RunTime:0.0072s ]
SQL: SELECT `c_name` FROM `sw_class` WHERE ( c_level = 1 ) ORDER BY c_date desc LIMIT 3   [ RunTime:0.0003s ]
INFO: [ view_parse ] --START--
INFO: [ template_filter ] --START--
INFO: Run Behavior\ContentReplaceBehavior [ RunTime:0.000275s ]
INFO: [ template_filter ] --END-- [ RunTime:0.000407s ]
INFO: Run Behavior\ParseTemplateBehavior [ RunTime:0.428673s ]
INFO: [ view_parse ] --END-- [ RunTime:0.428834s ]
INFO: [ view_filter ] --START--
INFO: Run Behavior\WriteHtmlCacheBehavior [ RunTime:0.039431s ]
INFO: [ view_filter ] --END-- [ RunTime:0.039554s ]
INFO: [ app_end ] --START--
INFO: Run Behavior\ShowPageTraceBehavior [ RunTime:0.001913s ]
INFO: [ app_end ] --END-- [ RunTime:0.002110s ]

[ 2017-02-08T13:51:38+08:00 ] 127.0.0.1 /index.php/Home/Index/about.html
INFO: [ app_init ] --START--
INFO: Run Behavior\BuildLiteBehavior [ RunTime:0.000034s ]
INFO: [ app_init ] --END-- [ RunTime:0.000874s ]
INFO: [ app_begin ] --START--
INFO: Run Behavior\ReadHtmlCacheBehavior [ RunTime:0.001638s ]
INFO: [ app_begin ] --END-- [ RunTime:0.001857s ]
SQL: SHOW COLUMNS FROM `sw_setting` [ RunTime:0.0890s ]
SQL: SELECT * FROM `sw_setting` LIMIT 1   [ RunTime:0.0005s ]
SQL: SHOW COLUMNS FROM `sw_column` [ RunTime:0.0073s ]
SQL: SELECT * FROM `sw_column` WHERE ( col_level = 0 ) ORDER BY col_order_by  [ RunTime:0.0004s ]
SQL: SELECT `set_content` FROM `sw_setting` LIMIT 1   [ RunTime:0.0101s ]
SQL: SHOW COLUMNS FROM `sw_member` [ RunTime:0.0230s ]
SQL: SELECT * FROM `sw_member` ORDER BY m_order_by  [ RunTime:0.0084s ]
SQL: SELECT * FROM `sw_member` ORDER BY m_order_by LIMIT 4   [ RunTime:0.0004s ]
SQL: SHOW COLUMNS FROM `sw_news` [ RunTime:0.0283s ]
SQL: SELECT * FROM `sw_news` ORDER BY n_count desc LIMIT 10   [ RunTime:0.3139s ]
INFO: [ view_parse ] --START--
INFO: [ template_filter ] --START--
INFO: Run Behavior\ContentReplaceBehavior [ RunTime:0.000190s ]
INFO: [ template_filter ] --END-- [ RunTime:0.000302s ]
INFO: Run Behavior\ParseTemplateBehavior [ RunTime:0.036515s ]
INFO: [ view_parse ] --END-- [ RunTime:0.036641s ]
INFO: [ view_filter ] --START--
INFO: Run Behavior\WriteHtmlCacheBehavior [ RunTime:0.000846s ]
INFO: [ view_filter ] --END-- [ RunTime:0.000970s ]
INFO: [ app_end ] --START--
INFO: Run Behavior\ShowPageTraceBehavior [ RunTime:0.002454s ]
INFO: [ app_end ] --END-- [ RunTime:0.002631s ]

[ 2017-02-08T13:51:39+08:00 ] 127.0.0.1 /index.php/Home/Index/undefined?1486533099076
INFO: [ app_init ] --START--
INFO: Run Behavior\BuildLiteBehavior [ RunTime:0.000013s ]
INFO: [ app_init ] --END-- [ RunTime:0.000347s ]
INFO: [ app_begin ] --START--
INFO: Run Behavior\ReadHtmlCacheBehavior [ RunTime:0.000522s ]
INFO: [ app_begin ] --END-- [ RunTime:0.000581s ]
SQL: SHOW COLUMNS FROM `sw_setting` [ RunTime:0.0867s ]
SQL: SELECT * FROM `sw_setting` LIMIT 1   [ RunTime:0.0005s ]
SQL: SHOW COLUMNS FROM `sw_column` [ RunTime:0.0205s ]
SQL: SELECT * FROM `sw_column` WHERE ( col_level = 0 ) ORDER BY col_order_by  [ RunTime:0.0004s ]
ERR: 非法操作:undefined

[ 2017-02-08T13:51:40+08:00 ] 127.0.0.1 /index.php/Home/Index/classes.html
INFO: [ app_init ] --START--
INFO: Run Behavior\BuildLiteBehavior [ RunTime:0.000019s ]
INFO: [ app_init ] --END-- [ RunTime:0.000351s ]
INFO: [ app_begin ] --START--
INFO: Run Behavior\ReadHtmlCacheBehavior [ RunTime:0.000455s ]
INFO: [ app_begin ] --END-- [ RunTime:0.000501s ]
SQL: SHOW COLUMNS FROM `sw_setting` [ RunTime:0.0374s ]
SQL: SELECT * FROM `sw_setting` LIMIT 1   [ RunTime:0.0003s ]
SQL: SHOW COLUMNS FROM `sw_column` [ RunTime:0.0092s ]
SQL: SELECT * FROM `sw_column` WHERE ( col_level = 0 ) ORDER BY col_order_by  [ RunTime:0.0002s ]
SQL: SHOW COLUMNS FROM `sw_class` [ RunTime:0.0102s ]
SQL: SELECT `c_id` FROM `sw_class` WHERE ( c_level = 1 ) ORDER BY c_date desc  [ RunTime:0.0791s ]
SQL: SELECT `c_id`,`c_name`,`c_pid`,`c_content`,`c_date`,`c_author`,`c_count` FROM `sw_class` WHERE `c_id` = 63 LIMIT 1   [ RunTime:0.0157s ]
SQL: UPDATE `sw_class` SET `c_count`='86' WHERE ( c_id = 63 ) [ RunTime:0.1694s ]
SQL: SELECT `c_id`,`c_name` FROM `sw_class` WHERE ( c_level=0 )  [ RunTime:0.0007s ]
SQL: SELECT * FROM `sw_class` WHERE ( c_level = 0 ) ORDER BY c_order_by  [ RunTime:0.2499s ]
SQL: SELECT * FROM `sw_class` WHERE ( c_level = 1 ) ORDER BY c_order_by  [ RunTime:0.0511s ]
INFO: [ view_parse ] --START--
INFO: [ template_filter ] --START--
INFO: Run Behavior\ContentReplaceBehavior [ RunTime:0.000079s ]
INFO: [ template_filter ] --END-- [ RunTime:0.000142s ]
INFO: Run Behavior\ParseTemplateBehavior [ RunTime:0.038576s ]
INFO: [ view_parse ] --END-- [ RunTime:0.038642s ]
INFO: [ view_filter ] --START--
INFO: Run Behavior\WriteHtmlCacheBehavior [ RunTime:0.000315s ]
INFO: [ view_filter ] --END-- [ RunTime:0.000355s ]
INFO: [ app_end ] --START--
INFO: Run Behavior\ShowPageTraceBehavior [ RunTime:0.000911s ]
INFO: [ app_end ] --END-- [ RunTime:0.001017s ]

[ 2017-02-08T13:51:41+08:00 ] 127.0.0.1 /index.php/Home/Index/undefined?1486533101063
INFO: [ app_init ] --START--
INFO: Run Behavior\BuildLiteBehavior [ RunTime:0.000014s ]
INFO: [ app_init ] --END-- [ RunTime:0.000363s ]
INFO: [ app_begin ] --START--
INFO: Run Behavior\ReadHtmlCacheBehavior [ RunTime:0.000521s ]
INFO: [ app_begin ] --END-- [ RunTime:0.000573s ]
SQL: SHOW COLUMNS FROM `sw_setting` [ RunTime:0.0450s ]
SQL: SELECT * FROM `sw_setting` LIMIT 1   [ RunTime:0.0002s ]
SQL: SHOW COLUMNS FROM `sw_column` [ RunTime:0.0023s ]
SQL: SELECT * FROM `sw_column` WHERE ( col_level = 0 ) ORDER BY col_order_by  [ RunTime:0.0001s ]
ERR: 非法操作:undefined

[ 2017-02-08T13:51:41+08:00 ] 127.0.0.1 /index.php/Home/Index/about.html
INFO: [ app_init ] --START--
INFO: Run Behavior\BuildLiteBehavior [ RunTime:0.000020s ]
INFO: [ app_init ] --END-- [ RunTime:0.000305s ]
INFO: [ app_begin ] --START--
INFO: Run Behavior\ReadHtmlCacheBehavior [ RunTime:0.000471s ]
INFO: [ app_begin ] --END-- [ RunTime:0.000519s ]
SQL: SHOW COLUMNS FROM `sw_setting` [ RunTime:0.0173s ]
SQL: SELECT * FROM `sw_setting` LIMIT 1   [ RunTime:0.0006s ]
SQL: SHOW COLUMNS FROM `sw_column` [ RunTime:0.0075s ]
SQL: SELECT * FROM `sw_column` WHERE ( col_level = 0 ) ORDER BY col_order_by  [ RunTime:0.0004s ]
SQL: SELECT `set_content` FROM `sw_setting` LIMIT 1   [ RunTime:0.0003s ]
SQL: SHOW COLUMNS FROM `sw_member` [ RunTime:0.0051s ]
SQL: SELECT * FROM `sw_member` ORDER BY m_order_by  [ RunTime:0.0004s ]
SQL: SELECT * FROM `sw_member` ORDER BY m_order_by LIMIT 4   [ RunTime:0.0003s ]
SQL: SHOW COLUMNS FROM `sw_news` [ RunTime:0.0081s ]
SQL: SELECT * FROM `sw_news` ORDER BY n_count desc LIMIT 10   [ RunTime:0.0018s ]
INFO: [ view_parse ] --START--
INFO: [ template_filter ] --START--
INFO: Run Behavior\ContentReplaceBehavior [ RunTime:0.000269s ]
INFO: [ template_filter ] --END-- [ RunTime:0.000406s ]
INFO: Run Behavior\ParseTemplateBehavior [ RunTime:0.028811s ]
INFO: [ view_parse ] --END-- [ RunTime:0.028943s ]
INFO: [ view_filter ] --START--
INFO: Run Behavior\WriteHtmlCacheBehavior [ RunTime:0.000630s ]
INFO: [ view_filter ] --END-- [ RunTime:0.000708s ]
INFO: [ app_end ] --START--
INFO: Run Behavior\ShowPageTraceBehavior [ RunTime:0.001563s ]
INFO: [ app_end ] --END-- [ RunTime:0.001722s ]

[ 2017-02-08T13:51:42+08:00 ] 127.0.0.1 /index.php/Home/Index/undefined?1486533102116
INFO: [ app_init ] --START--
INFO: Run Behavior\BuildLiteBehavior [ RunTime:0.000175s ]
INFO: [ app_init ] --END-- [ RunTime:0.001332s ]
INFO: [ app_begin ] --START--
INFO: Run Behavior\ReadHtmlCacheBehavior [ RunTime:0.000528s ]
INFO: [ app_begin ] --END-- [ RunTime:0.000586s ]
SQL: SHOW COLUMNS FROM `sw_setting` [ RunTime:0.1300s ]
SQL: SELECT * FROM `sw_setting` LIMIT 1   [ RunTime:0.0003s ]
SQL: SHOW COLUMNS FROM `sw_column` [ RunTime:0.1918s ]
SQL: SELECT * FROM `sw_column` WHERE ( col_level = 0 ) ORDER BY col_order_by  [ RunTime:0.0002s ]
ERR: 非法操作:undefined

[ 2017-02-08T13:51:47+08:00 ] 127.0.0.1 /index.php/Home/Index/classes.html
INFO: [ app_init ] --START--
INFO: Run Behavior\BuildLiteBehavior [ RunTime:0.000012s ]
INFO: [ app_init ] --END-- [ RunTime:0.000273s ]
INFO: [ app_begin ] --START--
INFO: Run Behavior\ReadHtmlCacheBehavior [ RunTime:0.000393s ]
INFO: [ app_begin ] --END-- [ RunTime:0.000435s ]
SQL: SHOW COLUMNS FROM `sw_setting` [ RunTime:0.0034s ]
SQL: SELECT * FROM `sw_setting` LIMIT 1   [ RunTime:0.0002s ]
SQL: SHOW COLUMNS FROM `sw_column` [ RunTime:0.0022s ]
SQL: SELECT * FROM `sw_column` WHERE ( col_level = 0 ) ORDER BY col_order_by  [ RunTime:0.0001s ]
SQL: SHOW COLUMNS FROM `sw_class` [ RunTime:0.0028s ]
SQL: SELECT `c_id` FROM `sw_class` WHERE ( c_level = 1 ) ORDER BY c_date desc  [ RunTime:0.0003s ]
SQL: SELECT `c_id`,`c_name`,`c_pid`,`c_content`,`c_date`,`c_author`,`c_count` FROM `sw_class` WHERE `c_id` = 63 LIMIT 1   [ RunTime:0.0002s ]
SQL: UPDATE `sw_class` SET `c_count`='87' WHERE ( c_id = 63 ) [ RunTime:0.0654s ]
SQL: SELECT `c_id`,`c_name` FROM `sw_class` WHERE ( c_level=0 )  [ RunTime:0.0004s ]
SQL: SELECT * FROM `sw_class` WHERE ( c_level = 0 ) ORDER BY c_order_by  [ RunTime:0.0004s ]
SQL: SELECT * FROM `sw_class` WHERE ( c_level = 1 ) ORDER BY c_order_by  [ RunTime:0.0010s ]
INFO: [ view_parse ] --START--
INFO: [ template_filter ] --START--
INFO: Run Behavior\ContentReplaceBehavior [ RunTime:0.000067s ]
INFO: [ template_filter ] --END-- [ RunTime:0.000115s ]
INFO: Run Behavior\ParseTemplateBehavior [ RunTime:0.009775s ]
INFO: [ view_parse ] --END-- [ RunTime:0.009831s ]
INFO: [ view_filter ] --START--
INFO: Run Behavior\WriteHtmlCacheBehavior [ RunTime:0.000250s ]
INFO: [ view_filter ] --END-- [ RunTime:0.000281s ]
INFO: [ app_end ] --START--
INFO: Run Behavior\ShowPageTraceBehavior [ RunTime:0.000645s ]
INFO: [ app_end ] --END-- [ RunTime:0.000728s ]

[ 2017-02-08T13:51:48+08:00 ] 127.0.0.1 /index.php/Home/Index/undefined?1486533107941
INFO: [ app_init ] --START--
INFO: Run Behavior\BuildLiteBehavior [ RunTime:0.000023s ]
INFO: [ app_init ] --END-- [ RunTime:0.000602s ]
INFO: [ app_begin ] --START--
INFO: Run Behavior\ReadHtmlCacheBehavior [ RunTime:0.001298s ]
INFO: [ app_begin ] --END-- [ RunTime:0.001437s ]
SQL: SHOW COLUMNS FROM `sw_setting` [ RunTime:0.2014s ]
SQL: SELECT * FROM `sw_setting` LIMIT 1   [ RunTime:0.0002s ]
SQL: SHOW COLUMNS FROM `sw_column` [ RunTime:0.0037s ]
SQL: SELECT * FROM `sw_column` WHERE ( col_level = 0 ) ORDER BY col_order_by  [ RunTime:0.0002s ]
ERR: 非法操作:undefined

[ 2017-02-08T13:51:55+08:00 ] 127.0.0.1 /index.php/Home/Index/index.html
INFO: [ app_init ] --START--
INFO: Run Behavior\BuildLiteBehavior [ RunTime:0.000024s ]
INFO: [ app_init ] --END-- [ RunTime:0.000300s ]
INFO: [ app_begin ] --START--
INFO: Run Behavior\ReadHtmlCacheBehavior [ RunTime:0.000406s ]
INFO: [ app_begin ] --END-- [ RunTime:0.000458s ]
SQL: SHOW COLUMNS FROM `sw_setting` [ RunTime:0.0036s ]
SQL: SELECT * FROM `sw_setting` LIMIT 1   [ RunTime:0.0002s ]
SQL: SHOW COLUMNS FROM `sw_column` [ RunTime:0.0020s ]
SQL: SELECT * FROM `sw_column` WHERE ( col_level = 0 ) ORDER BY col_order_by  [ RunTime:0.0002s ]
SQL: SHOW COLUMNS FROM `sw_class` [ RunTime:0.0033s ]
SQL: SELECT `c_id`,`c_name`,`c_desc`,`c_pic` FROM `sw_class` WHERE ( c_level = 1 ) ORDER BY c_order_by,c_date desc LIMIT 6   [ RunTime:0.0004s ]
SQL: SHOW COLUMNS FROM `sw_advert` [ RunTime:0.0032s ]
SQL: SELECT * FROM `sw_advert` ORDER BY adv_date desc LIMIT 3   [ RunTime:0.0001s ]
SQL: SELECT `c_name` FROM `sw_class` WHERE ( c_level = 1 ) ORDER BY c_date desc LIMIT 3   [ RunTime:0.0003s ]
INFO: [ view_parse ] --START--
INFO: [ template_filter ] --START--
INFO: Run Behavior\ContentReplaceBehavior [ RunTime:0.000110s ]
INFO: [ template_filter ] --END-- [ RunTime:0.000168s ]
INFO: Run Behavior\ParseTemplateBehavior [ RunTime:0.010412s ]
INFO: [ view_parse ] --END-- [ RunTime:0.010468s ]
INFO: [ view_filter ] --START--
INFO: Run Behavior\WriteHtmlCacheBehavior [ RunTime:0.000246s ]
INFO: [ view_filter ] --END-- [ RunTime:0.000279s ]
INFO: [ app_end ] --START--
INFO: Run Behavior\ShowPageTraceBehavior [ RunTime:0.000651s ]
INFO: [ app_end ] --END-- [ RunTime:0.000740s ]

[ 2017-02-08T14:06:22+08:00 ] 127.0.0.1 /index.php/Home/Index/classes/class_id/66.html
INFO: [ app_init ] --START--
INFO: Run Behavior\BuildLiteBehavior [ RunTime:0.000011s ]
INFO: [ app_init ] --END-- [ RunTime:0.000284s ]
INFO: [ app_begin ] --START--
INFO: Run Behavior\ReadHtmlCacheBehavior [ RunTime:0.000444s ]
INFO: [ app_begin ] --END-- [ RunTime:0.000510s ]
SQL: SHOW COLUMNS FROM `sw_setting` [ RunTime:0.0025s ]
SQL: SELECT * FROM `sw_setting` LIMIT 1   [ RunTime:0.0002s ]
SQL: SHOW COLUMNS FROM `sw_column` [ RunTime:0.0019s ]
SQL: SELECT * FROM `sw_column` WHERE ( col_level = 0 ) ORDER BY col_order_by  [ RunTime:0.0001s ]
SQL: SHOW COLUMNS FROM `sw_class` [ RunTime:0.0031s ]
SQL: SELECT `c_id` FROM `sw_class` WHERE ( c_level = 1 ) ORDER BY c_date desc  [ RunTime:0.0003s ]
SQL: SELECT `c_id`,`c_name`,`c_pid`,`c_content`,`c_date`,`c_author`,`c_count` FROM `sw_class` WHERE `c_id` = 66 LIMIT 1   [ RunTime:0.0003s ]
SQL: UPDATE `sw_class` SET `c_count`='2' WHERE ( c_id = 66 ) [ RunTime:0.0905s ]
SQL: SELECT `c_id`,`c_name` FROM `sw_class` WHERE ( c_level=0 )  [ RunTime:0.0004s ]
SQL: SELECT * FROM `sw_class` WHERE ( c_level = 0 ) ORDER BY c_order_by  [ RunTime:0.0004s ]
SQL: SELECT * FROM `sw_class` WHERE ( c_level = 1 ) ORDER BY c_order_by  [ RunTime:0.0111s ]
INFO: [ view_parse ] --START--
INFO: [ template_filter ] --START--
INFO: Run Behavior\ContentReplaceBehavior [ RunTime:0.000067s ]
INFO: [ template_filter ] --END-- [ RunTime:0.000114s ]
INFO: Run Behavior\ParseTemplateBehavior [ RunTime:0.022986s ]
INFO: [ view_parse ] --END-- [ RunTime:0.023037s ]
INFO: [ view_filter ] --START--
INFO: Run Behavior\WriteHtmlCacheBehavior [ RunTime:0.000279s ]
INFO: [ view_filter ] --END-- [ RunTime:0.000311s ]
INFO: [ app_end ] --START--
INFO: Run Behavior\ShowPageTraceBehavior [ RunTime:0.000656s ]
INFO: [ app_end ] --END-- [ RunTime:0.000749s ]

[ 2017-02-08T14:06:22+08:00 ] 127.0.0.1 /index.php/Home/Index/classes/class_id/undefined?1486533982576
INFO: [ app_init ] --START--
INFO: Run Behavior\BuildLiteBehavior [ RunTime:0.000014s ]
INFO: [ app_init ] --END-- [ RunTime:0.000360s ]
INFO: [ app_begin ] --START--
INFO: Run Behavior\ReadHtmlCacheBehavior [ RunTime:0.000685s ]
INFO: [ app_begin ] --END-- [ RunTime:0.000761s ]
SQL: SHOW COLUMNS FROM `sw_setting` [ RunTime:0.0083s ]
SQL: SELECT * FROM `sw_setting` LIMIT 1   [ RunTime:0.0002s ]
SQL: SHOW COLUMNS FROM `sw_column` [ RunTime:0.0022s ]
SQL: SELECT * FROM `sw_column` WHERE ( col_level = 0 ) ORDER BY col_order_by  [ RunTime:0.0001s ]
SQL: SHOW COLUMNS FROM `sw_class` [ RunTime:0.0136s ]
SQL: SELECT `c_id` FROM `sw_class` WHERE ( c_level = 1 ) ORDER BY c_date desc  [ RunTime:0.0004s ]
SQL: SELECT `c_id`,`c_name`,`c_pid`,`c_content`,`c_date`,`c_author`,`c_count` FROM `sw_class` WHERE `c_id` = 63 LIMIT 1   [ RunTime:0.0003s ]
SQL: UPDATE `sw_class` SET `c_count`='88' WHERE ( c_id = 63 ) [ RunTime:0.0705s ]
SQL: SELECT `c_id`,`c_name` FROM `sw_class` WHERE ( c_level=0 )  [ RunTime:0.0007s ]
SQL: SELECT * FROM `sw_class` WHERE ( c_level = 0 ) ORDER BY c_order_by  [ RunTime:0.0008s ]
SQL: SELECT * FROM `sw_class` WHERE ( c_level = 1 ) ORDER BY c_order_by  [ RunTime:0.0022s ]
INFO: [ view_parse ] --START--
INFO: [ template_filter ] --START--
INFO: Run Behavior\ContentReplaceBehavior [ RunTime:0.000207s ]
INFO: [ template_filter ] --END-- [ RunTime:0.000344s ]
INFO: Run Behavior\ParseTemplateBehavior [ RunTime:0.041774s ]
INFO: [ view_parse ] --END-- [ RunTime:0.041903s ]
INFO: [ view_filter ] --START--
INFO: Run Behavior\WriteHtmlCacheBehavior [ RunTime:0.000883s ]
INFO: [ view_filter ] --END-- [ RunTime:0.000978s ]
INFO: [ app_end ] --START--
INFO: Run Behavior\ShowPageTraceBehavior [ RunTime:0.001413s ]
INFO: [ app_end ] --END-- [ RunTime:0.001552s ]

[ 2017-02-08T14:06:41+08:00 ] 127.0.0.1 /index.php/Home/Index/about.html
INFO: [ app_init ] --START--
INFO: Run Behavior\BuildLiteBehavior [ RunTime:0.000011s ]
INFO: [ app_init ] --END-- [ RunTime:0.000298s ]
INFO: [ app_begin ] --START--
INFO: Run Behavior\ReadHtmlCacheBehavior [ RunTime:0.000422s ]
INFO: [ app_begin ] --END-- [ RunTime:0.000463s ]
SQL: SHOW COLUMNS FROM `sw_setting` [ RunTime:0.0024s ]
SQL: SELECT * FROM `sw_setting` LIMIT 1   [ RunTime:0.0002s ]
SQL: SHOW COLUMNS FROM `sw_column` [ RunTime:0.0026s ]
SQL: SELECT * FROM `sw_column` WHERE ( col_level = 0 ) ORDER BY col_order_by  [ RunTime:0.0001s ]
SQL: SELECT `set_content` FROM `sw_setting` LIMIT 1   [ RunTime:0.0002s ]
SQL: SHOW COLUMNS FROM `sw_member` [ RunTime:0.0030s ]
SQL: SELECT * FROM `sw_member` ORDER BY m_order_by  [ RunTime:0.0002s ]
SQL: SELECT * FROM `sw_member` ORDER BY m_order_by LIMIT 4   [ RunTime:0.0002s ]
SQL: SHOW COLUMNS FROM `sw_news` [ RunTime:0.0020s ]
SQL: SELECT * FROM `sw_news` ORDER BY n_count desc LIMIT 10   [ RunTime:0.0008s ]
INFO: [ view_parse ] --START--
INFO: [ template_filter ] --START--
INFO: Run Behavior\ContentReplaceBehavior [ RunTime:0.000075s ]
INFO: [ template_filter ] --END-- [ RunTime:0.000119s ]
INFO: Run Behavior\ParseTemplateBehavior [ RunTime:0.009814s ]
INFO: [ view_parse ] --END-- [ RunTime:0.009870s ]
INFO: [ view_filter ] --START--
INFO: Run Behavior\WriteHtmlCacheBehavior [ RunTime:0.000256s ]
INFO: [ view_filter ] --END-- [ RunTime:0.000287s ]
INFO: [ app_end ] --START--
INFO: Run Behavior\ShowPageTraceBehavior [ RunTime:0.000606s ]
INFO: [ app_end ] --END-- [ RunTime:0.000667s ]

[ 2017-02-08T14:06:41+08:00 ] 127.0.0.1 /index.php/Home/Index/undefined?1486534001521
INFO: [ app_init ] --START--
INFO: Run Behavior\BuildLiteBehavior [ RunTime:0.000017s ]
INFO: [ app_init ] --END-- [ RunTime:0.000393s ]
INFO: [ app_begin ] --START--
INFO: Run Behavior\ReadHtmlCacheBehavior [ RunTime:0.000465s ]
INFO: [ app_begin ] --END-- [ RunTime:0.000513s ]
SQL: SHOW COLUMNS FROM `sw_setting` [ RunTime:0.0028s ]
SQL: SELECT * FROM `sw_setting` LIMIT 1   [ RunTime:0.0002s ]
SQL: SHOW COLUMNS FROM `sw_column` [ RunTime:0.0025s ]
SQL: SELECT * FROM `sw_column` WHERE ( col_level = 0 ) ORDER BY col_order_by  [ RunTime:0.0001s ]
ERR: 非法操作:undefined

[ 2017-02-08T14:06:42+08:00 ] 127.0.0.1 /index.php/Home/Index/index.html
INFO: [ app_init ] --START--
INFO: Run Behavior\BuildLiteBehavior [ RunTime:0.000011s ]
INFO: [ app_init ] --END-- [ RunTime:0.000274s ]
INFO: [ app_begin ] --START--
INFO: Run Behavior\ReadHtmlCacheBehavior [ RunTime:0.000395s ]
INFO: [ app_begin ] --END-- [ RunTime:0.000436s ]
SQL: SHOW COLUMNS FROM `sw_setting` [ RunTime:0.0030s ]
SQL: SELECT * FROM `sw_setting` LIMIT 1   [ RunTime:0.0002s ]
SQL: SHOW COLUMNS FROM `sw_column` [ RunTime:0.0019s ]
SQL: SELECT * FROM `sw_column` WHERE ( col_level = 0 ) ORDER BY col_order_by  [ RunTime:0.0001s ]
SQL: SHOW COLUMNS FROM `sw_class` [ RunTime:0.0024s ]
SQL: SELECT `c_id`,`c_name`,`c_desc`,`c_pic` FROM `sw_class` WHERE ( c_level = 1 ) ORDER BY c_order_by,c_date desc LIMIT 6   [ RunTime:0.0003s ]
SQL: SHOW COLUMNS FROM `sw_advert` [ RunTime:0.0031s ]
SQL: SELECT * FROM `sw_advert` ORDER BY adv_date desc LIMIT 3   [ RunTime:0.0001s ]
SQL: SELECT `c_name` FROM `sw_class` WHERE ( c_level = 1 ) ORDER BY c_date desc LIMIT 3   [ RunTime:0.0003s ]
INFO: [ view_parse ] --START--
INFO: [ template_filter ] --START--
INFO: Run Behavior\ContentReplaceBehavior [ RunTime:0.000087s ]
INFO: [ template_filter ] --END-- [ RunTime:0.000135s ]
INFO: Run Behavior\ParseTemplateBehavior [ RunTime:0.009931s ]
INFO: [ view_parse ] --END-- [ RunTime:0.009976s ]
INFO: [ view_filter ] --START--
INFO: Run Behavior\WriteHtmlCacheBehavior [ RunTime:0.000273s ]
INFO: [ view_filter ] --END-- [ RunTime:0.000303s ]
INFO: [ app_end ] --START--
INFO: Run Behavior\ShowPageTraceBehavior [ RunTime:0.000581s ]
INFO: [ app_end ] --END-- [ RunTime:0.000662s ]

[ 2017-02-08T14:10:59+08:00 ] 127.0.0.1 /index.php/Home/Index/classes.html
INFO: [ app_init ] --START--
INFO: Run Behavior\BuildLiteBehavior [ RunTime:0.000022s ]
INFO: [ app_init ] --END-- [ RunTime:0.000344s ]
INFO: [ app_begin ] --START--
INFO: Run Behavior\ReadHtmlCacheBehavior [ RunTime:0.000433s ]
INFO: [ app_begin ] --END-- [ RunTime:0.000474s ]
SQL: SHOW COLUMNS FROM `sw_setting` [ RunTime:0.0036s ]
SQL: SELECT * FROM `sw_setting` LIMIT 1   [ RunTime:0.0002s ]
SQL: SHOW COLUMNS FROM `sw_column` [ RunTime:0.0019s ]
SQL: SELECT * FROM `sw_column` WHERE ( col_level = 0 ) ORDER BY col_order_by  [ RunTime:0.0002s ]
SQL: SHOW COLUMNS FROM `sw_class` [ RunTime:0.0530s ]
SQL: SELECT `c_id` FROM `sw_class` WHERE ( c_level = 1 ) ORDER BY c_date desc  [ RunTime:0.0004s ]
SQL: SELECT `c_id`,`c_name`,`c_pid`,`c_content`,`c_date`,`c_author`,`c_count` FROM `sw_class` WHERE `c_id` = 63 LIMIT 1   [ RunTime:0.0003s ]
SQL: UPDATE `sw_class` SET `c_count`='89' WHERE ( c_id = 63 ) [ RunTime:0.0812s ]
SQL: SELECT `c_id`,`c_name` FROM `sw_class` WHERE ( c_level=0 )  [ RunTime:0.0007s ]
SQL: SELECT * FROM `sw_class` WHERE ( c_level = 0 ) ORDER BY c_order_by  [ RunTime:0.0008s ]
SQL: SELECT * FROM `sw_class` WHERE ( c_level = 1 ) ORDER BY c_order_by  [ RunTime:0.0023s ]
INFO: [ view_parse ] --START--
INFO: [ template_filter ] --START--
INFO: Run Behavior\ContentReplaceBehavior [ RunTime:0.000206s ]
INFO: [ template_filter ] --END-- [ RunTime:0.000347s ]
INFO: Run Behavior\ParseTemplateBehavior [ RunTime:0.026358s ]
INFO: [ view_parse ] --END-- [ RunTime:0.026466s ]
INFO: [ view_filter ] --START--
INFO: Run Behavior\WriteHtmlCacheBehavior [ RunTime:0.000489s ]
INFO: [ view_filter ] --END-- [ RunTime:0.000552s ]
INFO: [ app_end ] --START--
INFO: Run Behavior\ShowPageTraceBehavior [ RunTime:0.000990s ]
INFO: [ app_end ] --END-- [ RunTime:0.001102s ]

[ 2017-02-08T14:10:59+08:00 ] 127.0.0.1 /index.php/Home/Index/undefined?1486534259433
INFO: [ app_init ] --START--
INFO: Run Behavior\BuildLiteBehavior [ RunTime:0.000038s ]
INFO: [ app_init ] --END-- [ RunTime:0.000826s ]
INFO: [ app_begin ] --START--
INFO: Run Behavior\ReadHtmlCacheBehavior [ RunTime:0.000599s ]
INFO: [ app_begin ] --END-- [ RunTime:0.000686s ]
SQL: SHOW COLUMNS FROM `sw_setting` [ RunTime:0.0021s ]
SQL: SELECT * FROM `sw_setting` LIMIT 1   [ RunTime:0.0001s ]
SQL: SHOW COLUMNS FROM `sw_column` [ RunTime:0.0320s ]
SQL: SELECT * FROM `sw_column` WHERE ( col_level = 0 ) ORDER BY col_order_by  [ RunTime:0.0001s ]
ERR: 非法操作:undefined

[ 2017-02-08T14:11:00+08:00 ] 127.0.0.1 /index.php/Home/Index/about.html
INFO: [ app_init ] --START--
INFO: Run Behavior\BuildLiteBehavior [ RunTime:0.000017s ]
INFO: [ app_init ] --END-- [ RunTime:0.000334s ]
INFO: [ app_begin ] --START--
INFO: Run Behavior\ReadHtmlCacheBehavior [ RunTime:0.000399s ]
INFO: [ app_begin ] --END-- [ RunTime:0.000443s ]
SQL: SHOW COLUMNS FROM `sw_setting` [ RunTime:0.0098s ]
SQL: SELECT * FROM `sw_setting` LIMIT 1   [ RunTime:0.0006s ]
SQL: SHOW COLUMNS FROM `sw_column` [ RunTime:0.0078s ]
SQL: SELECT * FROM `sw_column` WHERE ( col_level = 0 ) ORDER BY col_order_by  [ RunTime:0.0004s ]
SQL: SELECT `set_content` FROM `sw_setting` LIMIT 1   [ RunTime:0.0003s ]
SQL: SHOW COLUMNS FROM `sw_member` [ RunTime:0.0076s ]
SQL: SELECT * FROM `sw_member` ORDER BY m_order_by  [ RunTime:0.0004s ]
SQL: SELECT * FROM `sw_member` ORDER BY m_order_by LIMIT 4   [ RunTime:0.0004s ]
SQL: SHOW COLUMNS FROM `sw_news` [ RunTime:0.0080s ]
SQL: SELECT * FROM `sw_news` ORDER BY n_count desc LIMIT 10   [ RunTime:0.0019s ]
INFO: [ view_parse ] --START--
INFO: [ template_filter ] --START--
INFO: Run Behavior\ContentReplaceBehavior [ RunTime:0.000208s ]
INFO: [ template_filter ] --END-- [ RunTime:0.000304s ]
INFO: Run Behavior\ParseTemplateBehavior [ RunTime:0.023354s ]
INFO: [ view_parse ] --END-- [ RunTime:0.023463s ]
INFO: [ view_filter ] --START--
INFO: Run Behavior\WriteHtmlCacheBehavior [ RunTime:0.000393s ]
INFO: [ view_filter ] --END-- [ RunTime:0.000450s ]
INFO: [ app_end ] --START--
INFO: Run Behavior\ShowPageTraceBehavior [ RunTime:0.001233s ]
INFO: [ app_end ] --END-- [ RunTime:0.001400s ]

[ 2017-02-08T14:11:01+08:00 ] 127.0.0.1 /index.php/Home/Index/undefined?1486534260913
INFO: [ app_init ] --START--
INFO: Run Behavior\BuildLiteBehavior [ RunTime:0.000026s ]
INFO: [ app_init ] --END-- [ RunTime:0.000612s ]
INFO: [ app_begin ] --START--
INFO: Run Behavior\ReadHtmlCacheBehavior [ RunTime:0.000981s ]
INFO: [ app_begin ] --END-- [ RunTime:0.001115s ]
SQL: SHOW COLUMNS FROM `sw_setting` [ RunTime:0.0424s ]
SQL: SELECT * FROM `sw_setting` LIMIT 1   [ RunTime:0.0002s ]
SQL: SHOW COLUMNS FROM `sw_column` [ RunTime:0.0578s ]
SQL: SELECT * FROM `sw_column` WHERE ( col_level = 0 ) ORDER BY col_order_by  [ RunTime:0.0002s ]
ERR: 非法操作:undefined

[ 2017-02-08T14:11:14+08:00 ] 127.0.0.1 /index.php/Home/Index/index.html
INFO: [ app_init ] --START--
INFO: Run Behavior\BuildLiteBehavior [ RunTime:0.000012s ]
INFO: [ app_init ] --END-- [ RunTime:0.000327s ]
INFO: [ app_begin ] --START--
INFO: Run Behavior\ReadHtmlCacheBehavior [ RunTime:0.000416s ]
INFO: [ app_begin ] --END-- [ RunTime:0.000461s ]
SQL: SHOW COLUMNS FROM `sw_setting` [ RunTime:0.0029s ]
SQL: SELECT * FROM `sw_setting` LIMIT 1   [ RunTime:0.0003s ]
SQL: SHOW COLUMNS FROM `sw_column` [ RunTime:0.0030s ]
SQL: SELECT * FROM `sw_column` WHERE ( col_level = 0 ) ORDER BY col_order_by  [ RunTime:0.0001s ]
SQL: SHOW COLUMNS FROM `sw_class` [ RunTime:0.0030s ]
SQL: SELECT `c_id`,`c_name`,`c_desc`,`c_pic` FROM `sw_class` WHERE ( c_level = 1 ) ORDER BY c_order_by,c_date desc LIMIT 6   [ RunTime:0.0003s ]
SQL: SHOW COLUMNS FROM `sw_advert` [ RunTime:0.0031s ]
SQL: SELECT * FROM `sw_advert` ORDER BY adv_date desc LIMIT 3   [ RunTime:0.0001s ]
SQL: SELECT `c_name` FROM `sw_class` WHERE ( c_level = 1 ) ORDER BY c_date desc LIMIT 3   [ RunTime:0.0003s ]
INFO: [ view_parse ] --START--
INFO: [ template_filter ] --START--
INFO: Run Behavior\ContentReplaceBehavior [ RunTime:0.000089s ]
INFO: [ template_filter ] --END-- [ RunTime:0.000136s ]
INFO: Run Behavior\ParseTemplateBehavior [ RunTime:0.010636s ]
INFO: [ view_parse ] --END-- [ RunTime:0.010691s ]
INFO: [ view_filter ] --START--
INFO: Run Behavior\WriteHtmlCacheBehavior [ RunTime:0.000253s ]
INFO: [ view_filter ] --END-- [ RunTime:0.000284s ]
INFO: [ app_end ] --START--
INFO: Run Behavior\ShowPageTraceBehavior [ RunTime:0.000553s ]
INFO: [ app_end ] --END-- [ RunTime:0.000636s ]

[ 2017-02-08T14:17:16+08:00 ] 127.0.0.1 /index.php/Home/Index/index.html
INFO: [ app_init ] --START--
INFO: Run Behavior\BuildLiteBehavior [ RunTime:0.000015s ]
INFO: [ app_init ] --END-- [ RunTime:0.000356s ]
INFO: [ app_begin ] --START--
INFO: Run Behavior\ReadHtmlCacheBehavior [ RunTime:0.000545s ]
INFO: [ app_begin ] --END-- [ RunTime:0.000598s ]
SQL: SHOW COLUMNS FROM `sw_setting` [ RunTime:0.0024s ]
SQL: SELECT * FROM `sw_setting` LIMIT 1   [ RunTime:0.0002s ]
SQL: SHOW COLUMNS FROM `sw_column` [ RunTime:0.0212s ]
SQL: SELECT * FROM `sw_column` WHERE ( col_level = 0 ) ORDER BY col_order_by  [ RunTime:0.0002s ]
SQL: SHOW COLUMNS FROM `sw_class` [ RunTime:0.0028s ]
SQL: SELECT `c_id`,`c_name`,`c_desc`,`c_pic` FROM `sw_class` WHERE ( c_level = 1 ) ORDER BY c_order_by,c_date desc LIMIT 6   [ RunTime:0.0004s ]
SQL: SHOW COLUMNS FROM `sw_advert` [ RunTime:0.0019s ]
SQL: SELECT * FROM `sw_advert` ORDER BY adv_date desc LIMIT 3   [ RunTime:0.0001s ]
SQL: SELECT `c_name` FROM `sw_class` WHERE ( c_level = 1 ) ORDER BY c_date desc LIMIT 3   [ RunTime:0.0003s ]
INFO: [ view_parse ] --START--
INFO: [ template_filter ] --START--
INFO: Run Behavior\ContentReplaceBehavior [ RunTime:0.000156s ]
INFO: [ template_filter ] --END-- [ RunTime:0.000253s ]
INFO: Run Behavior\ParseTemplateBehavior [ RunTime:0.010803s ]
INFO: [ view_parse ] --END-- [ RunTime:0.010859s ]
INFO: [ view_filter ] --START--
INFO: Run Behavior\WriteHtmlCacheBehavior [ RunTime:0.000290s ]
INFO: [ view_filter ] --END-- [ RunTime:0.000322s ]
INFO: [ app_end ] --START--
INFO: Run Behavior\ShowPageTraceBehavior [ RunTime:0.000638s ]
INFO: [ app_end ] --END-- [ RunTime:0.000717s ]

[ 2017-02-08T14:17:19+08:00 ] 127.0.0.1 /index.php/Home/Index/about.html
INFO: [ app_init ] --START--
INFO: Run Behavior\BuildLiteBehavior [ RunTime:0.000013s ]
INFO: [ app_init ] --END-- [ RunTime:0.000306s ]
INFO: [ app_begin ] --START--
INFO: Run Behavior\ReadHtmlCacheBehavior [ RunTime:0.000402s ]
INFO: [ app_begin ] --END-- [ RunTime:0.000444s ]
SQL: SHOW COLUMNS FROM `sw_setting` [ RunTime:0.0031s ]
SQL: SELECT * FROM `sw_setting` LIMIT 1   [ RunTime:0.0002s ]
SQL: SHOW COLUMNS FROM `sw_column` [ RunTime:0.0025s ]
SQL: SELECT * FROM `sw_column` WHERE ( col_level = 0 ) ORDER BY col_order_by  [ RunTime:0.0002s ]
SQL: SELECT `set_content` FROM `sw_setting` LIMIT 1   [ RunTime:0.0001s ]
SQL: SHOW COLUMNS FROM `sw_member` [ RunTime:0.0029s ]
SQL: SELECT * FROM `sw_member` ORDER BY m_order_by  [ RunTime:0.0002s ]
SQL: SELECT * FROM `sw_member` ORDER BY m_order_by LIMIT 4   [ RunTime:0.0001s ]
SQL: SHOW COLUMNS FROM `sw_news` [ RunTime:0.0026s ]
SQL: SELECT * FROM `sw_news` ORDER BY n_count desc LIMIT 10   [ RunTime:0.0008s ]
INFO: [ view_parse ] --START--
INFO: [ template_filter ] --START--
INFO: Run Behavior\ContentReplaceBehavior [ RunTime:0.000076s ]
INFO: [ template_filter ] --END-- [ RunTime:0.000123s ]
INFO: Run Behavior\ParseTemplateBehavior [ RunTime:0.009884s ]
INFO: [ view_parse ] --END-- [ RunTime:0.009936s ]
INFO: [ view_filter ] --START--
INFO: Run Behavior\WriteHtmlCacheBehavior [ RunTime:0.000284s ]
INFO: [ view_filter ] --END-- [ RunTime:0.000317s ]
INFO: [ app_end ] --START--
INFO: Run Behavior\ShowPageTraceBehavior [ RunTime:0.000760s ]
INFO: [ app_end ] --END-- [ RunTime:0.000836s ]

[ 2017-02-08T14:17:19+08:00 ] 127.0.0.1 /index.php/Home/Index/undefined?1486534639640
INFO: [ app_init ] --START--
INFO: Run Behavior\BuildLiteBehavior [ RunTime:0.000013s ]
INFO: [ app_init ] --END-- [ RunTime:0.000287s ]
INFO: [ app_begin ] --START--
INFO: Run Behavior\ReadHtmlCacheBehavior [ RunTime:0.000394s ]
INFO: [ app_begin ] --END-- [ RunTime:0.000436s ]
SQL: SHOW COLUMNS FROM `sw_setting` [ RunTime:0.0035s ]
SQL: SELECT * FROM `sw_setting` LIMIT 1   [ RunTime:0.0002s ]
SQL: SHOW COLUMNS FROM `sw_column` [ RunTime:0.0027s ]
SQL: SELECT * FROM `sw_column` WHERE ( col_level = 0 ) ORDER BY col_order_by  [ RunTime:0.0002s ]
ERR: 非法操作:undefined

[ 2017-02-08T14:17:20+08:00 ] 127.0.0.1 /index.php/Home/Index/classes.html
INFO: [ app_init ] --START--
INFO: Run Behavior\BuildLiteBehavior [ RunTime:0.000011s ]
INFO: [ app_init ] --END-- [ RunTime:0.000280s ]
INFO: [ app_begin ] --START--
INFO: Run Behavior\ReadHtmlCacheBehavior [ RunTime:0.000392s ]
INFO: [ app_begin ] --END-- [ RunTime:0.000434s ]
SQL: SHOW COLUMNS FROM `sw_setting` [ RunTime:0.0033s ]
SQL: SELECT * FROM `sw_setting` LIMIT 1   [ RunTime:0.0002s ]
SQL: SHOW COLUMNS FROM `sw_column` [ RunTime:0.0069s ]
SQL: SELECT * FROM `sw_column` WHERE ( col_level = 0 ) ORDER BY col_order_by  [ RunTime:0.0003s ]
SQL: SHOW COLUMNS FROM `sw_class` [ RunTime:0.0070s ]
SQL: SELECT `c_id` FROM `sw_class` WHERE ( c_level = 1 ) ORDER BY c_date desc  [ RunTime:0.0008s ]
SQL: SELECT `c_id`,`c_name`,`c_pid`,`c_content`,`c_date`,`c_author`,`c_count` FROM `sw_class` WHERE `c_id` = 63 LIMIT 1   [ RunTime:0.0056s ]
SQL: UPDATE `sw_class` SET `c_count`='90' WHERE ( c_id = 63 ) [ RunTime:0.0821s ]
SQL: SELECT `c_id`,`c_name` FROM `sw_class` WHERE ( c_level=0 )  [ RunTime:0.0007s ]
SQL: SELECT * FROM `sw_class` WHERE ( c_level = 0 ) ORDER BY c_order_by  [ RunTime:0.0008s ]
SQL: SELECT * FROM `sw_class` WHERE ( c_level = 1 ) ORDER BY c_order_by  [ RunTime:0.0435s ]
INFO: [ view_parse ] --START--
INFO: [ template_filter ] --START--
INFO: Run Behavior\ContentReplaceBehavior [ RunTime:0.000203s ]
INFO: [ template_filter ] --END-- [ RunTime:0.000335s ]
INFO: Run Behavior\ParseTemplateBehavior [ RunTime:0.027368s ]
INFO: [ view_parse ] --END-- [ RunTime:0.027515s ]
INFO: [ view_filter ] --START--
INFO: Run Behavior\WriteHtmlCacheBehavior [ RunTime:0.000694s ]
INFO: [ view_filter ] --END-- [ RunTime:0.000786s ]
INFO: [ app_end ] --START--
INFO: Run Behavior\ShowPageTraceBehavior [ RunTime:0.001354s ]
INFO: [ app_end ] --END-- [ RunTime:0.001508s ]

[ 2017-02-08T14:17:20+08:00 ] 127.0.0.1 /index.php/Home/Index/undefined?1486534640354
INFO: [ app_init ] --START--
INFO: Run Behavior\BuildLiteBehavior [ RunTime:0.000014s ]
INFO: [ app_init ] --END-- [ RunTime:0.000325s ]
INFO: [ app_begin ] --START--
INFO: Run Behavior\ReadHtmlCacheBehavior [ RunTime:0.000439s ]
INFO: [ app_begin ] --END-- [ RunTime:0.000482s ]
SQL: SHOW COLUMNS FROM `sw_setting` [ RunTime:0.0032s ]
SQL: SELECT * FROM `sw_setting` LIMIT 1   [ RunTime:0.0002s ]
SQL: SHOW COLUMNS FROM `sw_column` [ RunTime:0.0071s ]
SQL: SELECT * FROM `sw_column` WHERE ( col_level = 0 ) ORDER BY col_order_by  [ RunTime:0.0002s ]
ERR: 非法操作:undefined

[ 2017-02-08T14:17:23+08:00 ] 127.0.0.1 /index.php/Home/Index/index.html
INFO: [ app_init ] --START--
INFO: Run Behavior\BuildLiteBehavior [ RunTime:0.000012s ]
INFO: [ app_init ] --END-- [ RunTime:0.000279s ]
INFO: [ app_begin ] --START--
INFO: Run Behavior\ReadHtmlCacheBehavior [ RunTime:0.000416s ]
INFO: [ app_begin ] --END-- [ RunTime:0.000471s ]
SQL: SHOW COLUMNS FROM `sw_setting` [ RunTime:0.0027s ]
SQL: SELECT * FROM `sw_setting` LIMIT 1   [ RunTime:0.0002s ]
SQL: SHOW COLUMNS FROM `sw_column` [ RunTime:0.0019s ]
SQL: SELECT * FROM `sw_column` WHERE ( col_level = 0 ) ORDER BY col_order_by  [ RunTime:0.0002s ]
SQL: SHOW COLUMNS FROM `sw_class` [ RunTime:0.0031s ]
SQL: SELECT `c_id`,`c_name`,`c_desc`,`c_pic` FROM `sw_class` WHERE ( c_level = 1 ) ORDER BY c_order_by,c_date desc LIMIT 6   [ RunTime:0.0004s ]
SQL: SHOW COLUMNS FROM `sw_advert` [ RunTime:0.0020s ]
SQL: SELECT * FROM `sw_advert` ORDER BY adv_date desc LIMIT 3   [ RunTime:0.0001s ]
SQL: SELECT `c_name` FROM `sw_class` WHERE ( c_level = 1 ) ORDER BY c_date desc LIMIT 3   [ RunTime:0.0003s ]
INFO: [ view_parse ] --START--
INFO: [ template_filter ] --START--
INFO: Run Behavior\ContentReplaceBehavior [ RunTime:0.000088s ]
INFO: [ template_filter ] --END-- [ RunTime:0.000133s ]
INFO: Run Behavior\ParseTemplateBehavior [ RunTime:0.079693s ]
INFO: [ view_parse ] --END-- [ RunTime:0.079812s ]
INFO: [ view_filter ] --START--
INFO: Run Behavior\WriteHtmlCacheBehavior [ RunTime:0.001017s ]
INFO: [ view_filter ] --END-- [ RunTime:0.001155s ]
INFO: [ app_end ] --START--
INFO: Run Behavior\ShowPageTraceBehavior [ RunTime:0.001625s ]
INFO: [ app_end ] --END-- [ RunTime:0.001810s ]

[ 2017-02-08T19:14:45+08:00 ] 127.0.0.1 /index.php/Home/Index/index.html
INFO: [ app_init ] --START--
INFO: Run Behavior\BuildLiteBehavior [ RunTime:0.000035s ]
INFO: [ app_init ] --END-- [ RunTime:0.001215s ]
INFO: [ app_begin ] --START--
INFO: Run Behavior\ReadHtmlCacheBehavior [ RunTime:0.001731s ]
INFO: [ app_begin ] --END-- [ RunTime:0.001872s ]
SQL: SHOW COLUMNS FROM `sw_setting` [ RunTime:0.3142s ]
SQL: SELECT * FROM `sw_setting` LIMIT 1   [ RunTime:0.0388s ]
SQL: SHOW COLUMNS FROM `sw_column` [ RunTime:0.1751s ]
SQL: SELECT * FROM `sw_column` WHERE ( col_level = 0 ) ORDER BY col_order_by  [ RunTime:0.0244s ]

[ 2017-02-08T20:07:39+08:00 ] 127.0.0.1 /index.php/Home/Index/index.html
INFO: [ app_init ] --START--
INFO: Run Behavior\BuildLiteBehavior [ RunTime:0.000013s ]
INFO: [ app_init ] --END-- [ RunTime:0.000353s ]
INFO: [ app_begin ] --START--
INFO: Run Behavior\ReadHtmlCacheBehavior [ RunTime:0.000488s ]
INFO: [ app_begin ] --END-- [ RunTime:0.000547s ]
SQL: SHOW COLUMNS FROM `sw_setting` [ RunTime:0.0395s ]
SQL: SELECT * FROM `sw_setting` LIMIT 1   [ RunTime:0.0003s ]
SQL: SHOW COLUMNS FROM `sw_column` [ RunTime:0.0257s ]
SQL: SELECT * FROM `sw_column` WHERE ( col_level = 0 ) ORDER BY col_order_by  [ RunTime:0.0002s ]
SQL: SHOW COLUMNS FROM `sw_class` [ RunTime:0.0286s ]
SQL: SELECT `c_id`,`c_name`,`c_desc`,`c_pic` FROM `sw_class` WHERE ( c_level = 1 ) ORDER BY c_order_by,c_date desc LIMIT 6   [ RunTime:0.0066s ]
SQL: SHOW COLUMNS FROM `sw_advert` [ RunTime:0.0269s ]
SQL: SELECT * FROM `sw_advert` ORDER BY adv_date desc LIMIT 3   [ RunTime:0.0088s ]
SQL: SELECT `c_name` FROM `sw_class` WHERE ( c_level = 1 ) ORDER BY c_date desc LIMIT 3   [ RunTime:0.0002s ]
INFO: [ view_parse ] --START--
INFO: [ template_filter ] --START--
INFO: Run Behavior\ContentReplaceBehavior [ RunTime:0.000089s ]
INFO: [ template_filter ] --END-- [ RunTime:0.000140s ]
INFO: Run Behavior\ParseTemplateBehavior [ RunTime:0.088266s ]
INFO: [ view_parse ] --END-- [ RunTime:0.088321s ]
INFO: [ view_filter ] --START--
INFO: Run Behavior\WriteHtmlCacheBehavior [ RunTime:0.012530s ]
INFO: [ view_filter ] --END-- [ RunTime:0.012592s ]
INFO: [ app_end ] --START--
INFO: Run Behavior\ShowPageTraceBehavior [ RunTime:0.000991s ]
INFO: [ app_end ] --END-- [ RunTime:0.001078s ]

[ 2017-02-08T20:30:37+08:00 ] 127.0.0.1 /index.php/Home/Index/index.html
INFO: [ app_init ] --START--
INFO: Run Behavior\BuildLiteBehavior [ RunTime:0.000013s ]
INFO: [ app_init ] --END-- [ RunTime:0.000355s ]
INFO: [ app_begin ] --START--
INFO: Run Behavior\ReadHtmlCacheBehavior [ RunTime:0.000548s ]
INFO: [ app_begin ] --END-- [ RunTime:0.000593s ]
SQL: SHOW COLUMNS FROM `sw_setting` [ RunTime:0.0207s ]
SQL: SELECT * FROM `sw_setting` LIMIT 1   [ RunTime:0.0007s ]
SQL: SHOW COLUMNS FROM `sw_column` [ RunTime:0.0067s ]
SQL: SELECT * FROM `sw_column` WHERE ( col_level = 0 ) ORDER BY col_order_by  [ RunTime:0.0004s ]

[ 2017-02-08T20:31:17+08:00 ] 127.0.0.1 /index.php/Home/Index/index.html
INFO: [ app_init ] --START--
INFO: Run Behavior\BuildLiteBehavior [ RunTime:0.000012s ]
INFO: [ app_init ] --END-- [ RunTime:0.000347s ]
INFO: [ app_begin ] --START--
INFO: Run Behavior\ReadHtmlCacheBehavior [ RunTime:0.000430s ]
INFO: [ app_begin ] --END-- [ RunTime:0.000471s ]
SQL: SHOW COLUMNS FROM `sw_setting` [ RunTime:0.0482s ]
SQL: SELECT * FROM `sw_setting` LIMIT 1   [ RunTime:0.0002s ]
SQL: SHOW COLUMNS FROM `sw_column` [ RunTime:0.0017s ]
SQL: SELECT * FROM `sw_column` WHERE ( col_level = 0 ) ORDER BY col_order_by  [ RunTime:0.0002s ]

[ 2017-02-08T20:31:54+08:00 ] 127.0.0.1 /index.php/Home/Index/index.html
INFO: [ app_init ] --START--
INFO: Run Behavior\BuildLiteBehavior [ RunTime:0.000020s ]
INFO: [ app_init ] --END-- [ RunTime:0.000419s ]
INFO: [ app_begin ] --START--
INFO: Run Behavior\ReadHtmlCacheBehavior [ RunTime:0.000390s ]
INFO: [ app_begin ] --END-- [ RunTime:0.000441s ]
SQL: SHOW COLUMNS FROM `sw_setting` [ RunTime:0.0667s ]
SQL: SELECT * FROM `sw_setting` LIMIT 1   [ RunTime:0.0003s ]
SQL: SHOW COLUMNS FROM `sw_column` [ RunTime:0.0168s ]
SQL: SELECT * FROM `sw_column` WHERE ( col_level = 0 ) ORDER BY col_order_by  [ RunTime:0.0002s ]

[ 2017-02-08T20:36:30+08:00 ] 127.0.0.1 /index.php/Home/Index/index.html
INFO: [ app_init ] --START--
INFO: Run Behavior\BuildLiteBehavior [ RunTime:0.000012s ]
INFO: [ app_init ] --END-- [ RunTime:0.000287s ]
INFO: [ app_begin ] --START--
INFO: Run Behavior\ReadHtmlCacheBehavior [ RunTime:0.000398s ]
INFO: [ app_begin ] --END-- [ RunTime:0.000441s ]
SQL: SHOW COLUMNS FROM `sw_setting` [ RunTime:0.0118s ]
SQL: SELECT * FROM `sw_setting` LIMIT 1   [ RunTime:0.0002s ]
SQL: SHOW COLUMNS FROM `sw_column` [ RunTime:0.0024s ]
SQL: SELECT * FROM `sw_column` WHERE ( col_level = 0 ) ORDER BY col_order_by  [ RunTime:0.0002s ]

[ 2017-02-08T20:37:12+08:00 ] 127.0.0.1 /index.php/Home/Index/index.html
INFO: [ app_init ] --START--
INFO: Run Behavior\BuildLiteBehavior [ RunTime:0.000022s ]
INFO: [ app_init ] --END-- [ RunTime:0.000431s ]
INFO: [ app_begin ] --START--
INFO: Run Behavior\ReadHtmlCacheBehavior [ RunTime:0.000574s ]
INFO: [ app_begin ] --END-- [ RunTime:0.000637s ]
SQL: SHOW COLUMNS FROM `sw_setting` [ RunTime:0.0035s ]
SQL: SELECT * FROM `sw_setting` LIMIT 1   [ RunTime:0.0002s ]
SQL: SHOW COLUMNS FROM `sw_column` [ RunTime:0.0031s ]
SQL: SELECT * FROM `sw_column` WHERE ( col_level = 0 ) ORDER BY col_order_by  [ RunTime:0.0001s ]

[ 2017-02-08T20:37:17+08:00 ] 127.0.0.1 /index.php/Home/Index/index.html
INFO: [ app_init ] --START--
INFO: Run Behavior\BuildLiteBehavior [ RunTime:0.000040s ]
INFO: [ app_init ] --END-- [ RunTime:0.000763s ]
INFO: [ app_begin ] --START--
INFO: Run Behavior\ReadHtmlCacheBehavior [ RunTime:0.000859s ]
INFO: [ app_begin ] --END-- [ RunTime:0.000966s ]
SQL: SHOW COLUMNS FROM `sw_setting` [ RunTime:0.0376s ]
SQL: SELECT * FROM `sw_setting` LIMIT 1   [ RunTime:0.0005s ]
SQL: SHOW COLUMNS FROM `sw_column` [ RunTime:0.0186s ]
SQL: SELECT * FROM `sw_column` WHERE ( col_level = 0 ) ORDER BY col_order_by  [ RunTime:0.0004s ]

[ 2017-02-08T20:37:54+08:00 ] 127.0.0.1 /index.php/Home/Index/index.html
INFO: [ app_init ] --START--
INFO: Run Behavior\BuildLiteBehavior [ RunTime:0.000020s ]
INFO: [ app_init ] --END-- [ RunTime:0.000434s ]
INFO: [ app_begin ] --START--
INFO: Run Behavior\ReadHtmlCacheBehavior [ RunTime:0.000490s ]
INFO: [ app_begin ] --END-- [ RunTime:0.000549s ]
SQL: SHOW COLUMNS FROM `sw_setting` [ RunTime:0.0021s ]
SQL: SELECT * FROM `sw_setting` LIMIT 1   [ RunTime:0.0002s ]
SQL: SHOW COLUMNS FROM `sw_column` [ RunTime:0.0372s ]
SQL: SELECT * FROM `sw_column` WHERE ( col_level = 0 ) ORDER BY col_order_by  [ RunTime:0.0002s ]
SQL: SHOW COLUMNS FROM `sw_class` [ RunTime:0.0027s ]
SQL: SELECT `c_id`,`c_name`,`c_desc`,`c_pic` FROM `sw_class` WHERE ( c_level = 1 ) ORDER BY c_order_by,c_date desc LIMIT 6   [ RunTime:0.0002s ]
SQL: SHOW COLUMNS FROM `sw_advert` [ RunTime:0.0018s ]
SQL: SELECT * FROM `sw_advert` ORDER BY adv_date desc LIMIT 3   [ RunTime:0.0001s ]
SQL: SELECT `c_name` FROM `sw_class` WHERE ( c_level = 1 ) ORDER BY c_date desc LIMIT 3   [ RunTime:0.0001s ]
INFO: [ view_parse ] --START--
INFO: [ template_filter ] --START--
INFO: Run Behavior\ContentReplaceBehavior [ RunTime:0.000099s ]
INFO: [ template_filter ] --END-- [ RunTime:0.000152s ]
NOTIC: [8] Undefined variable: web_info E:\amp_ThinkPHP\Application\Runtime\Cache\Home\2a94b8bda04ff446dcedd42276fc99ee.php 第 139 行.
NOTIC: [8] Undefined variable: web_info E:\amp_ThinkPHP\Application\Runtime\Cache\Home\2a94b8bda04ff446dcedd42276fc99ee.php 第 164 行.
NOTIC: [8] Undefined variable: web_info E:\amp_ThinkPHP\Application\Runtime\Cache\Home\2a94b8bda04ff446dcedd42276fc99ee.php 第 194 行.
NOTIC: [8] Undefined variable: web_info E:\amp_ThinkPHP\Application\Runtime\Cache\Home\2a94b8bda04ff446dcedd42276fc99ee.php 第 196 行.
NOTIC: [8] Undefined variable: web_info E:\amp_ThinkPHP\Application\Runtime\Cache\Home\2a94b8bda04ff446dcedd42276fc99ee.php 第 197 行.
NOTIC: [8] Undefined variable: web_info E:\amp_ThinkPHP\Application\Runtime\Cache\Home\2a94b8bda04ff446dcedd42276fc99ee.php 第 198 行.
NOTIC: [8] Undefined variable: web_info E:\amp_ThinkPHP\Application\Runtime\Cache\Home\2a94b8bda04ff446dcedd42276fc99ee.php 第 199 行.
NOTIC: [8] Undefined variable: web_info E:\amp_ThinkPHP\Application\Runtime\Cache\Home\2a94b8bda04ff446dcedd42276fc99ee.php 第 222 行.
INFO: Run Behavior\ParseTemplateBehavior [ RunTime:0.014336s ]
INFO: [ view_parse ] --END-- [ RunTime:0.014398s ]
INFO: [ view_filter ] --START--
INFO: Run Behavior\WriteHtmlCacheBehavior [ RunTime:0.000409s ]
INFO: [ view_filter ] --END-- [ RunTime:0.000461s ]
INFO: [ app_end ] --START--
INFO: Run Behavior\ShowPageTraceBehavior [ RunTime:0.000747s ]
INFO: [ app_end ] --END-- [ RunTime:0.000837s ]

[ 2017-02-08T20:38:16+08:00 ] 127.0.0.1 /index.php/Home/Index/index.html
INFO: [ app_init ] --START--
INFO: Run Behavior\BuildLiteBehavior [ RunTime:0.000014s ]
INFO: [ app_init ] --END-- [ RunTime:0.000308s ]
INFO: [ app_begin ] --START--
INFO: Run Behavior\ReadHtmlCacheBehavior [ RunTime:0.000672s ]
INFO: [ app_begin ] --END-- [ RunTime:0.000763s ]

[ 2017-02-08T20:42:46+08:00 ] 127.0.0.1 /index.php/Home/Index/index.html
INFO: [ app_init ] --START--
INFO: Run Behavior\BuildLiteBehavior [ RunTime:0.000011s ]
INFO: [ app_init ] --END-- [ RunTime:0.000276s ]
INFO: [ app_begin ] --START--
INFO: Run Behavior\ReadHtmlCacheBehavior [ RunTime:0.000404s ]
INFO: [ app_begin ] --END-- [ RunTime:0.000453s ]
SQL: SHOW COLUMNS FROM `sw_setting` [ RunTime:0.0496s ]
SQL: SELECT * FROM `sw_setting` LIMIT 1   [ RunTime:0.0003s ]
SQL: SHOW COLUMNS FROM `sw_column` [ RunTime:0.0025s ]
SQL: SELECT * FROM `sw_column` WHERE ( col_level = 0 ) ORDER BY col_order_by  [ RunTime:0.0001s ]
ERR: 无法加载缓存类型:localhost

[ 2017-02-08T20:45:17+08:00 ] 127.0.0.1 /index.php/Home/Index/index.html
INFO: [ app_init ] --START--
INFO: Run Behavior\BuildLiteBehavior [ RunTime:0.000011s ]
INFO: [ app_init ] --END-- [ RunTime:0.000284s ]
INFO: [ app_begin ] --START--
INFO: Run Behavior\ReadHtmlCacheBehavior [ RunTime:0.000393s ]
INFO: [ app_begin ] --END-- [ RunTime:0.000434s ]
SQL: SHOW COLUMNS FROM `sw_setting` [ RunTime:0.0191s ]
SQL: SELECT * FROM `sw_setting` LIMIT 1   [ RunTime:0.0002s ]
SQL: SHOW COLUMNS FROM `sw_column` [ RunTime:0.0023s ]
SQL: SELECT * FROM `sw_column` WHERE ( col_level = 0 ) ORDER BY col_order_by  [ RunTime:0.0001s ]
SQL: SHOW COLUMNS FROM `sw_class` [ RunTime:0.0070s ]
SQL: SELECT `c_id`,`c_name`,`c_desc`,`c_pic` FROM `sw_class` WHERE ( c_level = 1 ) ORDER BY c_order_by,c_date desc LIMIT 6   [ RunTime:0.0004s ]
SQL: SHOW COLUMNS FROM `sw_advert` [ RunTime:0.0065s ]
SQL: SELECT * FROM `sw_advert` ORDER BY adv_date desc LIMIT 3   [ RunTime:0.0003s ]
SQL: SELECT `c_name` FROM `sw_class` WHERE ( c_level = 1 ) ORDER BY c_date desc LIMIT 3   [ RunTime:0.0003s ]
INFO: [ view_parse ] --START--
INFO: [ template_filter ] --START--
INFO: Run Behavior\ContentReplaceBehavior [ RunTime:0.000240s ]
INFO: [ template_filter ] --END-- [ RunTime:0.000369s ]
INFO: Run Behavior\ParseTemplateBehavior [ RunTime:0.029361s ]
INFO: [ view_parse ] --END-- [ RunTime:0.029489s ]
INFO: [ view_filter ] --START--
INFO: Run Behavior\WriteHtmlCacheBehavior [ RunTime:0.000689s ]
INFO: [ view_filter ] --END-- [ RunTime:0.000778s ]
INFO: [ app_end ] --START--
INFO: Run Behavior\ShowPageTraceBehavior [ RunTime:0.001363s ]
INFO: [ app_end ] --END-- [ RunTime:0.001482s ]

[ 2017-02-08T20:48:07+08:00 ] 127.0.0.1 /index.php/Home/Index/index.html
INFO: [ app_init ] --START--
INFO: Run Behavior\BuildLiteBehavior [ RunTime:0.000014s ]
INFO: [ app_init ] --END-- [ RunTime:0.000322s ]
INFO: [ app_begin ] --START--
INFO: Run Behavior\ReadHtmlCacheBehavior [ RunTime:0.000612s ]
INFO: [ app_begin ] --END-- [ RunTime:0.000687s ]
SQL: SHOW COLUMNS FROM `sw_setting` [ RunTime:0.0023s ]
SQL: SELECT * FROM `sw_setting` LIMIT 1   [ RunTime:0.0002s ]
SQL: SHOW COLUMNS FROM `sw_column` [ RunTime:0.0048s ]
SQL: SELECT * FROM `sw_column` WHERE ( col_level = 0 ) ORDER BY col_order_by  [ RunTime:0.0002s ]
SQL: SHOW COLUMNS FROM `sw_class` [ RunTime:0.0052s ]
SQL: SELECT `c_id`,`c_name`,`c_desc`,`c_pic` FROM `sw_class` WHERE ( c_level = 1 ) ORDER BY c_order_by,c_date desc LIMIT 6   [ RunTime:0.0004s ]
SQL: SHOW COLUMNS FROM `sw_advert` [ RunTime:0.0048s ]
SQL: SELECT * FROM `sw_advert` ORDER BY adv_date desc LIMIT 3   [ RunTime:0.0003s ]
SQL: SELECT `c_name` FROM `sw_class` WHERE ( c_level = 1 ) ORDER BY c_date desc LIMIT 3   [ RunTime:0.0003s ]
INFO: [ view_parse ] --START--
INFO: [ template_filter ] --START--
INFO: Run Behavior\ContentReplaceBehavior [ RunTime:0.000224s ]
INFO: [ template_filter ] --END-- [ RunTime:0.000353s ]
INFO: Run Behavior\ParseTemplateBehavior [ RunTime:0.028774s ]
INFO: [ view_parse ] --END-- [ RunTime:0.028903s ]
INFO: [ view_filter ] --START--
INFO: Run Behavior\WriteHtmlCacheBehavior [ RunTime:0.000556s ]
INFO: [ view_filter ] --END-- [ RunTime:0.000639s ]
INFO: [ app_end ] --START--
INFO: Run Behavior\ShowPageTraceBehavior [ RunTime:0.001221s ]
INFO: [ app_end ] --END-- [ RunTime:0.001367s ]

[ 2017-02-08T20:49:42+08:00 ] 127.0.0.1 /index.php/Home/Index/about.html
INFO: [ app_init ] --START--
INFO: Run Behavior\BuildLiteBehavior [ RunTime:0.000012s ]
INFO: [ app_init ] --END-- [ RunTime:0.000255s ]
INFO: [ app_begin ] --START--
INFO: Run Behavior\ReadHtmlCacheBehavior [ RunTime:0.000332s ]
INFO: [ app_begin ] --END-- [ RunTime:0.000372s ]
SQL: SHOW COLUMNS FROM `sw_setting` [ RunTime:0.0168s ]
SQL: SELECT * FROM `sw_setting` LIMIT 1   [ RunTime:0.0002s ]
SQL: SHOW COLUMNS FROM `sw_column` [ RunTime:0.0024s ]
SQL: SELECT * FROM `sw_column` WHERE ( col_level = 0 ) ORDER BY col_order_by  [ RunTime:0.0002s ]
SQL: SELECT `set_content` FROM `sw_setting` LIMIT 1   [ RunTime:0.0004s ]
SQL: SHOW COLUMNS FROM `sw_member` [ RunTime:0.0516s ]
SQL: SELECT * FROM `sw_member` ORDER BY m_order_by  [ RunTime:0.0217s ]
SQL: SELECT * FROM `sw_member` ORDER BY m_order_by LIMIT 4   [ RunTime:0.0002s ]
SQL: SHOW COLUMNS FROM `sw_news` [ RunTime:0.0291s ]
SQL: SELECT * FROM `sw_news` ORDER BY n_count desc LIMIT 10   [ RunTime:0.0163s ]
INFO: [ view_parse ] --START--
INFO: [ template_filter ] --START--
INFO: Run Behavior\ContentReplaceBehavior [ RunTime:0.000129s ]
INFO: [ template_filter ] --END-- [ RunTime:0.000215s ]
INFO: Run Behavior\ParseTemplateBehavior [ RunTime:0.037941s ]
INFO: [ view_parse ] --END-- [ RunTime:0.038073s ]
INFO: [ view_filter ] --START--
INFO: Run Behavior\WriteHtmlCacheBehavior [ RunTime:0.000490s ]
INFO: [ view_filter ] --END-- [ RunTime:0.000569s ]
INFO: [ app_end ] --START--
INFO: Run Behavior\ShowPageTraceBehavior [ RunTime:0.000877s ]
INFO: [ app_end ] --END-- [ RunTime:0.001005s ]

[ 2017-02-08T20:49:43+08:00 ] 127.0.0.1 /index.php/Home/Index/undefined?1486558182348
INFO: [ app_init ] --START--
INFO: Run Behavior\BuildLiteBehavior [ RunTime:0.000037s ]
INFO: [ app_init ] --END-- [ RunTime:0.001062s ]
INFO: [ app_begin ] --START--
INFO: Run Behavior\ReadHtmlCacheBehavior [ RunTime:0.000815s ]
INFO: [ app_begin ] --END-- [ RunTime:0.000914s ]
SQL: SHOW COLUMNS FROM `sw_setting` [ RunTime:0.0032s ]
SQL: SELECT * FROM `sw_setting` LIMIT 1   [ RunTime:0.0002s ]
SQL: SHOW COLUMNS FROM `sw_column` [ RunTime:0.0027s ]
SQL: SELECT * FROM `sw_column` WHERE ( col_level = 0 ) ORDER BY col_order_by  [ RunTime:0.0002s ]
ERR: 非法操作:undefined

[ 2017-02-08T20:49:46+08:00 ] 127.0.0.1 /index.php/Home/Index/classes.html
INFO: [ app_init ] --START--
INFO: Run Behavior\BuildLiteBehavior [ RunTime:0.000011s ]
INFO: [ app_init ] --END-- [ RunTime:0.000250s ]
INFO: [ app_begin ] --START--
INFO: Run Behavior\ReadHtmlCacheBehavior [ RunTime:0.000327s ]
INFO: [ app_begin ] --END-- [ RunTime:0.000366s ]
SQL: SHOW COLUMNS FROM `sw_setting` [ RunTime:0.0141s ]
SQL: SELECT * FROM `sw_setting` LIMIT 1   [ RunTime:0.0002s ]
SQL: SHOW COLUMNS FROM `sw_column` [ RunTime:0.0024s ]
SQL: SELECT * FROM `sw_column` WHERE ( col_level = 0 ) ORDER BY col_order_by  [ RunTime:0.0002s ]
SQL: SHOW COLUMNS FROM `sw_class` [ RunTime:0.0399s ]
SQL: SELECT `c_id` FROM `sw_class` WHERE ( c_level = 1 ) ORDER BY c_date desc  [ RunTime:0.1658s ]
SQL: SELECT `c_id`,`c_name`,`c_pid`,`c_content`,`c_date`,`c_author`,`c_count` FROM `sw_class` WHERE `c_id` = 63 LIMIT 1   [ RunTime:0.0813s ]
SQL: UPDATE `sw_class` SET `c_count`='91' WHERE ( c_id = 63 ) [ RunTime:0.1572s ]
SQL: SELECT `c_id`,`c_name` FROM `sw_class` WHERE ( c_level=0 )  [ RunTime:0.0007s ]
SQL: SELECT * FROM `sw_class` WHERE ( c_level = 0 ) ORDER BY c_order_by  [ RunTime:0.0574s ]
SQL: SELECT * FROM `sw_class` WHERE ( c_level = 1 ) ORDER BY c_order_by  [ RunTime:0.1033s ]
INFO: [ view_parse ] --START--
INFO: [ template_filter ] --START--
INFO: Run Behavior\ContentReplaceBehavior [ RunTime:0.000208s ]
INFO: [ template_filter ] --END-- [ RunTime:0.000342s ]
INFO: Run Behavior\ParseTemplateBehavior [ RunTime:0.048371s ]
INFO: [ view_parse ] --END-- [ RunTime:0.048495s ]
INFO: [ view_filter ] --START--
INFO: Run Behavior\WriteHtmlCacheBehavior [ RunTime:0.000393s ]
INFO: [ view_filter ] --END-- [ RunTime:0.000469s ]
INFO: [ app_end ] --START--
INFO: Run Behavior\ShowPageTraceBehavior [ RunTime:0.001098s ]
INFO: [ app_end ] --END-- [ RunTime:0.001236s ]

[ 2017-02-08T20:49:47+08:00 ] 127.0.0.1 /index.php/Home/Index/undefined?1486558186476
INFO: [ app_init ] --START--
INFO: Run Behavior\BuildLiteBehavior [ RunTime:0.000022s ]
INFO: [ app_init ] --END-- [ RunTime:0.000412s ]
INFO: [ app_begin ] --START--
INFO: Run Behavior\ReadHtmlCacheBehavior [ RunTime:0.000462s ]
INFO: [ app_begin ] --END-- [ RunTime:0.000527s ]
SQL: SHOW COLUMNS FROM `sw_setting` [ RunTime:0.0024s ]
SQL: SELECT * FROM `sw_setting` LIMIT 1   [ RunTime:0.0002s ]
SQL: SHOW COLUMNS FROM `sw_column` [ RunTime:0.0026s ]
SQL: SELECT * FROM `sw_column` WHERE ( col_level = 0 ) ORDER BY col_order_by  [ RunTime:0.0002s ]
ERR: 非法操作:undefined

[ 2017-02-08T20:49:48+08:00 ] 127.0.0.1 /index.php/Home/Index/contact.html
INFO: [ app_init ] --START--
INFO: Run Behavior\BuildLiteBehavior [ RunTime:0.000011s ]
INFO: [ app_init ] --END-- [ RunTime:0.000272s ]
INFO: [ app_begin ] --START--
INFO: Run Behavior\ReadHtmlCacheBehavior [ RunTime:0.000386s ]
INFO: [ app_begin ] --END-- [ RunTime:0.000426s ]
SQL: SHOW COLUMNS FROM `sw_setting` [ RunTime:0.0026s ]
SQL: SELECT * FROM `sw_setting` LIMIT 1   [ RunTime:0.0002s ]
SQL: SHOW COLUMNS FROM `sw_column` [ RunTime:0.0029s ]
SQL: SELECT * FROM `sw_column` WHERE ( col_level = 0 ) ORDER BY col_order_by  [ RunTime:0.0001s ]
SQL: SELECT `set_addr`,`set_email`,`set_qq`,`set_tel` FROM `sw_setting` LIMIT 1   [ RunTime:0.0005s ]
INFO: [ view_parse ] --START--
INFO: [ template_filter ] --START--
INFO: Run Behavior\ContentReplaceBehavior [ RunTime:0.000418s ]
INFO: [ template_filter ] --END-- [ RunTime:0.000635s ]
INFO: Run Behavior\ParseTemplateBehavior [ RunTime:0.137679s ]
INFO: [ view_parse ] --END-- [ RunTime:0.137829s ]
INFO: [ view_filter ] --START--
INFO: Run Behavior\WriteHtmlCacheBehavior [ RunTime:0.000481s ]
INFO: [ view_filter ] --END-- [ RunTime:0.000544s ]
INFO: [ app_end ] --START--
INFO: Run Behavior\ShowPageTraceBehavior [ RunTime:0.000814s ]
INFO: [ app_end ] --END-- [ RunTime:0.000883s ]

[ 2017-02-08T20:49:49+08:00 ] 127.0.0.1 /index.php/Home/Index/undefined?1486558188889
INFO: [ app_init ] --START--
INFO: Run Behavior\BuildLiteBehavior [ RunTime:0.000028s ]
INFO: [ app_init ] --END-- [ RunTime:0.000615s ]
INFO: [ app_begin ] --START--
INFO: Run Behavior\ReadHtmlCacheBehavior [ RunTime:0.000706s ]
INFO: [ app_begin ] --END-- [ RunTime:0.000789s ]
SQL: SHOW COLUMNS FROM `sw_setting` [ RunTime:0.0023s ]
SQL: SELECT * FROM `sw_setting` LIMIT 1   [ RunTime:0.0002s ]
SQL: SHOW COLUMNS FROM `sw_column` [ RunTime:0.0020s ]
SQL: SELECT * FROM `sw_column` WHERE ( col_level = 0 ) ORDER BY col_order_by  [ RunTime:0.0002s ]
ERR: 非法操作:undefined

[ 2017-02-08T20:49:53+08:00 ] 127.0.0.1 /index.php/Home/Index/index.html
INFO: [ app_init ] --START--
INFO: Run Behavior\BuildLiteBehavior [ RunTime:0.000011s ]
INFO: [ app_init ] --END-- [ RunTime:0.000250s ]
INFO: [ app_begin ] --START--
INFO: Run Behavior\ReadHtmlCacheBehavior [ RunTime:0.000436s ]
INFO: [ app_begin ] --END-- [ RunTime:0.000491s ]
SQL: SHOW COLUMNS FROM `sw_setting` [ RunTime:0.0037s ]
SQL: SELECT * FROM `sw_setting` LIMIT 1   [ RunTime:0.0002s ]
SQL: SHOW COLUMNS FROM `sw_column` [ RunTime:0.0025s ]
SQL: SELECT * FROM `sw_column` WHERE ( col_level = 0 ) ORDER BY col_order_by  [ RunTime:0.0002s ]
SQL: SHOW COLUMNS FROM `sw_class` [ RunTime:0.0056s ]
SQL: SELECT `c_id`,`c_name`,`c_desc`,`c_pic` FROM `sw_class` WHERE ( c_level = 1 ) ORDER BY c_order_by,c_date desc LIMIT 6   [ RunTime:0.0008s ]
SQL: SHOW COLUMNS FROM `sw_advert` [ RunTime:0.0052s ]
SQL: SELECT * FROM `sw_advert` ORDER BY adv_date desc LIMIT 3   [ RunTime:0.0003s ]
SQL: SELECT `c_name` FROM `sw_class` WHERE ( c_level = 1 ) ORDER BY c_date desc LIMIT 3   [ RunTime:0.0007s ]
INFO: [ view_parse ] --START--
INFO: [ template_filter ] --START--
INFO: Run Behavior\ContentReplaceBehavior [ RunTime:0.000273s ]
INFO: [ template_filter ] --END-- [ RunTime:0.000403s ]
INFO: Run Behavior\ParseTemplateBehavior [ RunTime:0.028453s ]
INFO: [ view_parse ] --END-- [ RunTime:0.028580s ]
INFO: [ view_filter ] --START--
INFO: Run Behavior\WriteHtmlCacheBehavior [ RunTime:0.000501s ]
INFO: [ view_filter ] --END-- [ RunTime:0.000568s ]
INFO: [ app_end ] --START--
INFO: Run Behavior\ShowPageTraceBehavior [ RunTime:0.001173s ]
INFO: [ app_end ] --END-- [ RunTime:0.001270s ]

[ 2017-02-08T20:49:55+08:00 ] 127.0.0.1 /index.php/Home/Index/about.html
INFO: [ app_init ] --START--
INFO: Run Behavior\BuildLiteBehavior [ RunTime:0.000012s ]
INFO: [ app_init ] --END-- [ RunTime:0.000255s ]
INFO: [ app_begin ] --START--
INFO: Run Behavior\ReadHtmlCacheBehavior [ RunTime:0.000679s ]
INFO: [ app_begin ] --END-- [ RunTime:0.000781s ]
SQL: SHOW COLUMNS FROM `sw_setting` [ RunTime:0.0255s ]
SQL: SELECT * FROM `sw_setting` LIMIT 1   [ RunTime:0.0002s ]
SQL: SHOW COLUMNS FROM `sw_column` [ RunTime:0.0024s ]
SQL: SELECT * FROM `sw_column` WHERE ( col_level = 0 ) ORDER BY col_order_by  [ RunTime:0.0002s ]
SQL: SELECT `set_content` FROM `sw_setting` LIMIT 1   [ RunTime:0.0002s ]
SQL: SHOW COLUMNS FROM `sw_member` [ RunTime:0.0030s ]
SQL: SELECT * FROM `sw_member` ORDER BY m_order_by  [ RunTime:0.0001s ]
SQL: SELECT * FROM `sw_member` ORDER BY m_order_by LIMIT 4   [ RunTime:0.0001s ]
SQL: SHOW COLUMNS FROM `sw_news` [ RunTime:0.0034s ]
SQL: SELECT * FROM `sw_news` ORDER BY n_count desc LIMIT 10   [ RunTime:0.0008s ]
INFO: [ view_parse ] --START--
INFO: [ template_filter ] --START--
INFO: Run Behavior\ContentReplaceBehavior [ RunTime:0.000092s ]
INFO: [ template_filter ] --END-- [ RunTime:0.000159s ]
INFO: Run Behavior\ParseTemplateBehavior [ RunTime:0.012592s ]
INFO: [ view_parse ] --END-- [ RunTime:0.012667s ]
INFO: [ view_filter ] --START--
INFO: Run Behavior\WriteHtmlCacheBehavior [ RunTime:0.000218s ]
INFO: [ view_filter ] --END-- [ RunTime:0.000256s ]
INFO: [ app_end ] --START--
INFO: Run Behavior\ShowPageTraceBehavior [ RunTime:0.000785s ]
INFO: [ app_end ] --END-- [ RunTime:0.000898s ]

[ 2017-02-08T20:49:56+08:00 ] 127.0.0.1 /index.php/Home/Index/undefined?1486558195497
INFO: [ app_init ] --START--
INFO: Run Behavior\BuildLiteBehavior [ RunTime:0.000021s ]
INFO: [ app_init ] --END-- [ RunTime:0.000432s ]
INFO: [ app_begin ] --START--
INFO: Run Behavior\ReadHtmlCacheBehavior [ RunTime:0.000560s ]
INFO: [ app_begin ] --END-- [ RunTime:0.000628s ]
SQL: SHOW COLUMNS FROM `sw_setting` [ RunTime:0.0025s ]
SQL: SELECT * FROM `sw_setting` LIMIT 1   [ RunTime:0.0002s ]
SQL: SHOW COLUMNS FROM `sw_column` [ RunTime:0.0019s ]
SQL: SELECT * FROM `sw_column` WHERE ( col_level = 0 ) ORDER BY col_order_by  [ RunTime:0.0001s ]
ERR: 非法操作:undefined

[ 2017-02-08T20:50:13+08:00 ] 127.0.0.1 /index.php/Home/Index/index.html
INFO: [ app_init ] --START--
INFO: Run Behavior\BuildLiteBehavior [ RunTime:0.000011s ]
INFO: [ app_init ] --END-- [ RunTime:0.000275s ]
INFO: [ app_begin ] --START--
INFO: Run Behavior\ReadHtmlCacheBehavior [ RunTime:0.000384s ]
INFO: [ app_begin ] --END-- [ RunTime:0.000424s ]
SQL: SHOW COLUMNS FROM `sw_setting` [ RunTime:0.0710s ]
SQL: SELECT * FROM `sw_setting` LIMIT 1   [ RunTime:0.0005s ]
SQL: SHOW COLUMNS FROM `sw_column` [ RunTime:0.0065s ]
SQL: SELECT * FROM `sw_column` WHERE ( col_level = 0 ) ORDER BY col_order_by  [ RunTime:0.0004s ]
SQL: SHOW COLUMNS FROM `sw_class` [ RunTime:0.0048s ]
SQL: SELECT `c_id`,`c_name`,`c_desc`,`c_pic` FROM `sw_class` WHERE ( c_level = 1 ) ORDER BY c_order_by,c_date desc LIMIT 6   [ RunTime:0.0002s ]
SQL: SHOW COLUMNS FROM `sw_advert` [ RunTime:0.0029s ]
SQL: SELECT * FROM `sw_advert` ORDER BY adv_date desc LIMIT 3   [ RunTime:0.0003s ]
SQL: SELECT `c_name` FROM `sw_class` WHERE ( c_level = 1 ) ORDER BY c_date desc LIMIT 3   [ RunTime:0.0002s ]
INFO: [ view_parse ] --START--
INFO: [ template_filter ] --START--
INFO: Run Behavior\ContentReplaceBehavior [ RunTime:0.000161s ]
INFO: [ template_filter ] --END-- [ RunTime:0.000245s ]
INFO: Run Behavior\ParseTemplateBehavior [ RunTime:0.018070s ]
INFO: [ view_parse ] --END-- [ RunTime:0.018149s ]
INFO: [ view_filter ] --START--
INFO: Run Behavior\WriteHtmlCacheBehavior [ RunTime:0.000388s ]
INFO: [ view_filter ] --END-- [ RunTime:0.000443s ]
INFO: [ app_end ] --START--
INFO: Run Behavior\ShowPageTraceBehavior [ RunTime:0.000920s ]
INFO: [ app_end ] --END-- [ RunTime:0.001005s ]

[ 2017-02-08T20:51:10+08:00 ] 127.0.0.1 /index.php/Home/Index/about.html
INFO: [ app_init ] --START--
INFO: Run Behavior\BuildLiteBehavior [ RunTime:0.000022s ]
INFO: [ app_init ] --END-- [ RunTime:0.000283s ]
INFO: [ app_begin ] --START--
INFO: Run Behavior\ReadHtmlCacheBehavior [ RunTime:0.000346s ]
INFO: [ app_begin ] --END-- [ RunTime:0.000397s ]
SQL: SHOW COLUMNS FROM `sw_setting` [ RunTime:0.0027s ]
SQL: SELECT * FROM `sw_setting` LIMIT 1   [ RunTime:0.0002s ]
SQL: SHOW COLUMNS FROM `sw_column` [ RunTime:0.0027s ]
SQL: SELECT * FROM `sw_column` WHERE ( col_level = 0 ) ORDER BY col_order_by  [ RunTime:0.0002s ]
SQL: SELECT `set_content` FROM `sw_setting` LIMIT 1   [ RunTime:0.0003s ]
SQL: SHOW COLUMNS FROM `sw_member` [ RunTime:0.0049s ]
SQL: SELECT * FROM `sw_member` ORDER BY m_order_by  [ RunTime:0.0003s ]
SQL: SELECT * FROM `sw_member` ORDER BY m_order_by LIMIT 4   [ RunTime:0.0002s ]
SQL: SHOW COLUMNS FROM `sw_news` [ RunTime:0.0074s ]
SQL: SELECT * FROM `sw_news` ORDER BY n_count desc LIMIT 10   [ RunTime:0.0014s ]
INFO: [ view_parse ] --START--
INFO: [ template_filter ] --START--
INFO: Run Behavior\ContentReplaceBehavior [ RunTime:0.000215s ]
INFO: [ template_filter ] --END-- [ RunTime:0.000340s ]
INFO: Run Behavior\ParseTemplateBehavior [ RunTime:0.018951s ]
INFO: [ view_parse ] --END-- [ RunTime:0.019043s ]
INFO: [ view_filter ] --START--
INFO: Run Behavior\WriteHtmlCacheBehavior [ RunTime:0.000310s ]
INFO: [ view_filter ] --END-- [ RunTime:0.000366s ]
INFO: [ app_end ] --START--
INFO: Run Behavior\ShowPageTraceBehavior [ RunTime:0.000928s ]
INFO: [ app_end ] --END-- [ RunTime:0.001055s ]

[ 2017-02-08T20:51:11+08:00 ] 127.0.0.1 /index.php/Home/Index/undefined?1486558270734
INFO: [ app_init ] --START--
INFO: Run Behavior\BuildLiteBehavior [ RunTime:0.000024s ]
INFO: [ app_init ] --END-- [ RunTime:0.000509s ]
INFO: [ app_begin ] --START--
INFO: Run Behavior\ReadHtmlCacheBehavior [ RunTime:0.000959s ]
INFO: [ app_begin ] --END-- [ RunTime:0.001076s ]
SQL: SHOW COLUMNS FROM `sw_setting` [ RunTime:0.0045s ]
SQL: SELECT * FROM `sw_setting` LIMIT 1   [ RunTime:0.0004s ]
SQL: SHOW COLUMNS FROM `sw_column` [ RunTime:0.0039s ]
SQL: SELECT * FROM `sw_column` WHERE ( col_level = 0 ) ORDER BY col_order_by  [ RunTime:0.0001s ]
ERR: 非法操作:undefined

[ 2017-02-08T20:53:39+08:00 ] 127.0.0.1 /index.php/Home/Index/classes.html
INFO: [ app_init ] --START--
INFO: Run Behavior\BuildLiteBehavior [ RunTime:0.000012s ]
INFO: [ app_init ] --END-- [ RunTime:0.000276s ]
INFO: [ app_begin ] --START--
INFO: Run Behavior\ReadHtmlCacheBehavior [ RunTime:0.000406s ]
INFO: [ app_begin ] --END-- [ RunTime:0.000449s ]
SQL: SHOW COLUMNS FROM `sw_setting` [ RunTime:0.0365s ]
SQL: SELECT * FROM `sw_setting` LIMIT 1   [ RunTime:0.0002s ]
SQL: SHOW COLUMNS FROM `sw_column` [ RunTime:0.0019s ]
SQL: SELECT * FROM `sw_column` WHERE ( col_level = 0 ) ORDER BY col_order_by  [ RunTime:0.0002s ]
SQL: SHOW COLUMNS FROM `sw_class` [ RunTime:0.0067s ]
SQL: SELECT `c_id` FROM `sw_class` WHERE ( c_level = 1 ) ORDER BY c_date desc  [ RunTime:0.0008s ]
SQL: SELECT `c_id`,`c_name`,`c_pid`,`c_content`,`c_date`,`c_author`,`c_count` FROM `sw_class` WHERE `c_id` = 63 LIMIT 1   [ RunTime:0.0008s ]
SQL: UPDATE `sw_class` SET `c_count`='92' WHERE ( c_id = 63 ) [ RunTime:0.1069s ]
SQL: SELECT `c_id`,`c_name` FROM `sw_class` WHERE ( c_level=0 )  [ RunTime:0.0007s ]
SQL: SELECT * FROM `sw_class` WHERE ( c_level = 0 ) ORDER BY c_order_by  [ RunTime:0.0010s ]
SQL: SELECT * FROM `sw_class` WHERE ( c_level = 1 ) ORDER BY c_order_by  [ RunTime:0.0027s ]
INFO: [ view_parse ] --START--
INFO: [ template_filter ] --START--
INFO: Run Behavior\ContentReplaceBehavior [ RunTime:0.000341s ]
INFO: [ template_filter ] --END-- [ RunTime:0.000528s ]
INFO: Run Behavior\ParseTemplateBehavior [ RunTime:0.027580s ]
INFO: [ view_parse ] --END-- [ RunTime:0.027727s ]
INFO: [ view_filter ] --START--
INFO: Run Behavior\WriteHtmlCacheBehavior [ RunTime:0.000724s ]
INFO: [ view_filter ] --END-- [ RunTime:0.000823s ]
INFO: [ app_end ] --START--
INFO: Run Behavior\ShowPageTraceBehavior [ RunTime:0.002182s ]
INFO: [ app_end ] --END-- [ RunTime:0.002401s ]

[ 2017-02-08T20:53:40+08:00 ] 127.0.0.1 /index.php/Home/Index/undefined?1486558419543
INFO: [ app_init ] --START--
INFO: Run Behavior\BuildLiteBehavior [ RunTime:0.000013s ]
INFO: [ app_init ] --END-- [ RunTime:0.000282s ]
INFO: [ app_begin ] --START--
INFO: Run Behavior\ReadHtmlCacheBehavior [ RunTime:0.000489s ]
INFO: [ app_begin ] --END-- [ RunTime:0.000557s ]
SQL: SHOW COLUMNS FROM `sw_setting` [ RunTime:0.0027s ]
SQL: SELECT * FROM `sw_setting` LIMIT 1   [ RunTime:0.0002s ]
SQL: SHOW COLUMNS FROM `sw_column` [ RunTime:0.0025s ]
SQL: SELECT * FROM `sw_column` WHERE ( col_level = 0 ) ORDER BY col_order_by  [ RunTime:0.0002s ]
ERR: 非法操作:undefined

[ 2017-02-08T20:53:45+08:00 ] 127.0.0.1 /index.php/Home/Index/contact.html
INFO: [ app_init ] --START--
INFO: Run Behavior\BuildLiteBehavior [ RunTime:0.000013s ]
INFO: [ app_init ] --END-- [ RunTime:0.000289s ]
INFO: [ app_begin ] --START--
INFO: Run Behavior\ReadHtmlCacheBehavior [ RunTime:0.000472s ]
INFO: [ app_begin ] --END-- [ RunTime:0.000548s ]
SQL: SHOW COLUMNS FROM `sw_setting` [ RunTime:0.0024s ]
SQL: SELECT * FROM `sw_setting` LIMIT 1   [ RunTime:0.0002s ]
SQL: SHOW COLUMNS FROM `sw_column` [ RunTime:0.0036s ]
SQL: SELECT * FROM `sw_column` WHERE ( col_level = 0 ) ORDER BY col_order_by  [ RunTime:0.0001s ]
SQL: SELECT `set_addr`,`set_email`,`set_qq`,`set_tel` FROM `sw_setting` LIMIT 1   [ RunTime:0.0003s ]
INFO: [ view_parse ] --START--
INFO: [ template_filter ] --START--
INFO: Run Behavior\ContentReplaceBehavior [ RunTime:0.000144s ]
INFO: [ template_filter ] --END-- [ RunTime:0.000232s ]
INFO: Run Behavior\ParseTemplateBehavior [ RunTime:0.013769s ]
INFO: [ view_parse ] --END-- [ RunTime:0.013865s ]
INFO: [ view_filter ] --START--
INFO: Run Behavior\WriteHtmlCacheBehavior [ RunTime:0.000388s ]
INFO: [ view_filter ] --END-- [ RunTime:0.000455s ]
INFO: [ app_end ] --START--
INFO: Run Behavior\ShowPageTraceBehavior [ RunTime:0.000857s ]
INFO: [ app_end ] --END-- [ RunTime:0.000925s ]

[ 2017-02-08T20:53:46+08:00 ] 127.0.0.1 /index.php/Home/Index/undefined?1486558425266
INFO: [ app_init ] --START--
INFO: Run Behavior\BuildLiteBehavior [ RunTime:0.000025s ]
INFO: [ app_init ] --END-- [ RunTime:0.000552s ]
INFO: [ app_begin ] --START--
INFO: Run Behavior\ReadHtmlCacheBehavior [ RunTime:0.000720s ]
INFO: [ app_begin ] --END-- [ RunTime:0.000821s ]
SQL: SHOW COLUMNS FROM `sw_setting` [ RunTime:0.0026s ]
SQL: SELECT * FROM `sw_setting` LIMIT 1   [ RunTime:0.0002s ]
SQL: SHOW COLUMNS FROM `sw_column` [ RunTime:0.0026s ]
SQL: SELECT * FROM `sw_column` WHERE ( col_level = 0 ) ORDER BY col_order_by  [ RunTime:0.0002s ]
ERR: 非法操作:undefined

[ 2017-02-08T20:53:48+08:00 ] 127.0.0.1 /index.php/Home/Index/index.html
INFO: [ app_init ] --START--
INFO: Run Behavior\BuildLiteBehavior [ RunTime:0.000014s ]
INFO: [ app_init ] --END-- [ RunTime:0.000293s ]
INFO: [ app_begin ] --START--
INFO: Run Behavior\ReadHtmlCacheBehavior [ RunTime:0.000376s ]
INFO: [ app_begin ] --END-- [ RunTime:0.000421s ]
SQL: SHOW COLUMNS FROM `sw_setting` [ RunTime:0.0032s ]
SQL: SELECT * FROM `sw_setting` LIMIT 1   [ RunTime:0.0002s ]
SQL: SHOW COLUMNS FROM `sw_column` [ RunTime:0.0021s ]
SQL: SELECT * FROM `sw_column` WHERE ( col_level = 0 ) ORDER BY col_order_by  [ RunTime:0.0001s ]
SQL: SHOW COLUMNS FROM `sw_class` [ RunTime:0.0065s ]
SQL: SELECT `c_id`,`c_name`,`c_desc`,`c_pic` FROM `sw_class` WHERE ( c_level = 1 ) ORDER BY c_order_by,c_date desc LIMIT 6   [ RunTime:0.0009s ]
SQL: SHOW COLUMNS FROM `sw_advert` [ RunTime:0.0172s ]
SQL: SELECT * FROM `sw_advert` ORDER BY adv_date desc LIMIT 3   [ RunTime:0.0003s ]
SQL: SELECT `c_name` FROM `sw_class` WHERE ( c_level = 1 ) ORDER BY c_date desc LIMIT 3   [ RunTime:0.0012s ]
INFO: [ view_parse ] --START--
INFO: [ template_filter ] --START--
INFO: Run Behavior\ContentReplaceBehavior [ RunTime:0.000297s ]
INFO: [ template_filter ] --END-- [ RunTime:0.000450s ]
INFO: Run Behavior\ParseTemplateBehavior [ RunTime:0.034076s ]
INFO: [ view_parse ] --END-- [ RunTime:0.034251s ]
INFO: [ view_filter ] --START--
INFO: Run Behavior\WriteHtmlCacheBehavior [ RunTime:0.000605s ]
INFO: [ view_filter ] --END-- [ RunTime:0.000702s ]
INFO: [ app_end ] --START--
INFO: Run Behavior\ShowPageTraceBehavior [ RunTime:0.001960s ]
INFO: [ app_end ] --END-- [ RunTime:0.002145s ]

