[ 2017-01-20T00:17:52+08:00 ] 127.0.0.1 /index.php/Home/Index/index.html
INFO: [ app_init ] --START--
INFO: Run Behavior\BuildLiteBehavior [ RunTime:0.000013s ]
INFO: [ app_init ] --END-- [ RunTime:0.000294s ]
INFO: [ app_begin ] --START--
INFO: Run Behavior\ReadHtmlCacheBehavior [ RunTime:0.000465s ]
INFO: [ app_begin ] --END-- [ RunTime:0.000506s ]
SQL: SHOW COLUMNS FROM `sw_setting` [ RunTime:0.0263s ]
SQL: SELECT * FROM `sw_setting` LIMIT 1   [ RunTime:0.0002s ]
SQL: SHOW COLUMNS FROM `sw_column` [ RunTime:0.0031s ]
SQL: SELECT * FROM `sw_column` WHERE ( col_level = 0 ) ORDER BY col_order_by  [ RunTime:0.0002s ]
SQL: SHOW COLUMNS FROM `sw_class` [ RunTime:0.0032s ]
SQL: SELECT `c_name`,`c_desc`,`c_pic` FROM `sw_class` WHERE ( c_level = 1 ) ORDER BY c_order_by,c_date desc LIMIT 6   [ RunTime:0.0001s ]
SQL: SHOW COLUMNS FROM `sw_advert` [ RunTime:0.0025s ]
SQL: SELECT * FROM `sw_advert` ORDER BY adv_date desc LIMIT 3   [ RunTime:0.0001s ]
SQL: SELECT `c_name` FROM `sw_class` WHERE ( c_level = 1 ) ORDER BY c_date desc LIMIT 3   [ RunTime:0.0001s ]
INFO: [ view_parse ] --START--
INFO: [ template_filter ] --START--
INFO: Run Behavior\ContentReplaceBehavior [ RunTime:0.000116s ]
INFO: [ template_filter ] --END-- [ RunTime:0.000166s ]
INFO: Run Behavior\ParseTemplateBehavior [ RunTime:0.010705s ]
INFO: [ view_parse ] --END-- [ RunTime:0.010752s ]
INFO: [ view_filter ] --START--
INFO: Run Behavior\WriteHtmlCacheBehavior [ RunTime:0.000281s ]
INFO: [ view_filter ] --END-- [ RunTime:0.000332s ]
INFO: [ app_end ] --START--
INFO: Run Behavior\ShowPageTraceBehavior [ RunTime:0.001093s ]
INFO: [ app_end ] --END-- [ RunTime:0.001187s ]

[ 2017-01-20T00:17:56+08:00 ] 127.0.0.1 /index.php/Home/Index/index.html
INFO: [ app_init ] --START--
INFO: Run Behavior\BuildLiteBehavior [ RunTime:0.000011s ]
INFO: [ app_init ] --END-- [ RunTime:0.000289s ]
INFO: [ app_begin ] --START--
INFO: Run Behavior\ReadHtmlCacheBehavior [ RunTime:0.000899s ]
INFO: [ app_begin ] --END-- [ RunTime:0.001081s ]
SQL: SHOW COLUMNS FROM `sw_setting` [ RunTime:0.0027s ]
SQL: SELECT * FROM `sw_setting` LIMIT 1   [ RunTime:0.0002s ]
SQL: SHOW COLUMNS FROM `sw_column` [ RunTime:0.0027s ]
SQL: SELECT * FROM `sw_column` WHERE ( col_level = 0 ) ORDER BY col_order_by  [ RunTime:0.0001s ]
SQL: SHOW COLUMNS FROM `sw_class` [ RunTime:0.0021s ]
SQL: SELECT `c_name`,`c_desc`,`c_pic` FROM `sw_class` WHERE ( c_level = 1 ) ORDER BY c_order_by,c_date desc LIMIT 6   [ RunTime:0.0002s ]
SQL: SHOW COLUMNS FROM `sw_advert` [ RunTime:0.0027s ]
SQL: SELECT * FROM `sw_advert` ORDER BY adv_date desc LIMIT 3   [ RunTime:0.0002s ]
SQL: SELECT `c_name` FROM `sw_class` WHERE ( c_level = 1 ) ORDER BY c_date desc LIMIT 3   [ RunTime:0.0001s ]
INFO: [ view_parse ] --START--
INFO: [ template_filter ] --START--
INFO: Run Behavior\ContentReplaceBehavior [ RunTime:0.000128s ]
INFO: [ template_filter ] --END-- [ RunTime:0.000204s ]
INFO: Run Behavior\ParseTemplateBehavior [ RunTime:0.010867s ]
INFO: [ view_parse ] --END-- [ RunTime:0.010917s ]
INFO: [ view_filter ] --START--
INFO: Run Behavior\WriteHtmlCacheBehavior [ RunTime:0.000248s ]
INFO: [ view_filter ] --END-- [ RunTime:0.000280s ]
INFO: [ app_end ] --START--
INFO: Run Behavior\ShowPageTraceBehavior [ RunTime:0.001015s ]
INFO: [ app_end ] --END-- [ RunTime:0.001112s ]

