[ 2017-02-10T10:24:35+08:00 ] 127.0.0.1 /index.php/classes/90.html/
INFO: [ app_init ] --START--
INFO: Run Behavior\BuildLiteBehavior [ RunTime:0.000011s ]
INFO: [ app_init ] --END-- [ RunTime:0.000283s ]
ERR: 无法加载模块:Classes

[ 2017-02-10T10:24:38+08:00 ] 127.0.0.1 /index.php/classes/90.html
INFO: [ app_init ] --START--
INFO: Run Behavior\BuildLiteBehavior [ RunTime:0.000013s ]
INFO: [ app_init ] --END-- [ RunTime:0.000275s ]
ERR: 无法加载模块:Classes

[ 2017-02-10T10:36:17+08:00 ] 127.0.0.1 /index.php/classes/90.html
INFO: [ app_init ] --START--
INFO: Run Behavior\BuildLiteBehavior [ RunTime:0.000011s ]
INFO: [ app_init ] --END-- [ RunTime:0.000318s ]
ERR: 无法加载模块:Classes

[ 2017-02-10T13:20:30+08:00 ] 127.0.0.1 /index.php/index.php/Home/Index/classes.html.html
INFO: [ app_init ] --START--
INFO: Run Behavior\BuildLiteBehavior [ RunTime:0.000014s ]
INFO: [ app_init ] --END-- [ RunTime:0.000482s ]
ERR: 无法加载模块:Index.php

[ 2017-02-10T13:23:21+08:00 ] 127.0.0.1 /index.php/index.php/Home/Index/classes.html.html
INFO: [ app_init ] --START--
INFO: Run Behavior\BuildLiteBehavior [ RunTime:0.000012s ]
INFO: [ app_init ] --END-- [ RunTime:0.000284s ]
ERR: 无法加载模块:Index.php

